 
****************************************
Report : area
Design : addr_set06
Version: V-2023.12-SP3
Date   : Thu Apr 30 09:16:45 2026
****************************************

Library(s) Used:

    No libraries used.

Number of ports:                           38
Number of nets:                             6
Number of cells:                            0
Number of combinational cells:              0
Number of sequential cells:                 0
Number of macros/black boxes:               0
Number of buf/inv:                          0
Number of references:                       0

Combinational area:                  0.000000
Buf/Inv area:                        0.000000
Noncombinational area:               0.000000
Macro/Black Box area:                0.000000
Net Interconnect area:             381.786003

Total cell area:                     0.000000
Total area:                        381.786003
1
