 
****************************************
Report : area
Design : addr_set04
Version: V-2023.12-SP3
Date   : Thu Apr 30 09:16:44 2026
****************************************

Library(s) Used:

    No libraries used.

Number of ports:                           36
Number of nets:                             4
Number of cells:                            0
Number of combinational cells:              0
Number of sequential cells:                 0
Number of macros/black boxes:               0
Number of buf/inv:                          0
Number of references:                       0

Combinational area:                  0.000000
Buf/Inv area:                        0.000000
Noncombinational area:               0.000000
Macro/Black Box area:                0.000000
Net Interconnect area:             254.524002

Total cell area:                     0.000000
Total area:                        254.524002
1
