Information: Updating design information... (UID-85)
 
****************************************
Report : timing
        -path full
        -delay max
        -max_paths 1
Design : agemtx4_full
Version: V-2023.12-SP3
Date   : Thu Apr 30 09:19:56 2026
****************************************

Operating Conditions: nom_pvt   Library: ssc_core
Wire Load Model Mode: enclosed

  Startpoint: access_way[1]
              (input port clocked by clk)
  Endpoint: lru_way[0] (output port clocked by clk)
  Path Group: clk
  Path Type: max

  Des/Clust/Port     Wire Load Model       Library
  ------------------------------------------------
  agemtx4_full       5KGATES               ssc_core

  Point                                    Incr       Path
  -----------------------------------------------------------
  clock clk (rise edge)                    0.00       0.00
  clock network delay (ideal)              0.00       0.00
  input external delay                     5.00       5.00 f
  access_way[1] (in)                       0.00       5.00 f
  U46/Y (inv1a3)                           0.11       5.11 r
  U28/Y (or2a3)                            0.32       5.44 r
  U24/Y (or2a3)                            0.26       5.70 r
  U43/Y (inv1a3)                           0.17       5.87 f
  U50/Y (oa1f3)                            0.22       6.09 r
  U48/Y (and2a3)                           0.26       6.34 r
  U47/Y (inv1a3)                           0.19       6.53 f
  U42/Y (oa1f3)                            0.27       6.80 r
  U5/Y (or2a3)                             0.20       7.00 r
  U41/Y (inv1a3)                           0.32       7.32 f
  lru_way[0] (out)                         0.00       7.32 f
  data arrival time                                   7.32

  clock clk (rise edge)                   20.00      20.00
  clock network delay (ideal)              0.00      20.00
  output external delay                   -5.00      15.00
  data required time                                 15.00
  -----------------------------------------------------------
  data required time                                 15.00
  data arrival time                                  -7.32
  -----------------------------------------------------------
  slack (MET)                                         7.68


1
