Information: Updating design information... (UID-85)
 
****************************************
Report : timing
        -path full
        -delay max
        -max_paths 1
Design : agemtx2_full
Version: V-2023.12-SP3
Date   : Thu Apr 30 09:19:41 2026
****************************************

Operating Conditions: nom_pvt   Library: ssc_core
Wire Load Model Mode: enclosed

  Startpoint: access_way[1]
              (input port clocked by clk)
  Endpoint: lru_way[0] (output port clocked by clk)
  Path Group: clk
  Path Type: max

  Des/Clust/Port     Wire Load Model       Library
  ------------------------------------------------
  agemtx2_full       5KGATES               ssc_core

  Point                                    Incr       Path
  -----------------------------------------------------------
  clock clk (rise edge)                    0.00       0.00
  clock network delay (ideal)              0.00       0.00
  input external delay                     5.00       5.00 r
  access_way[1] (in)                       0.00       5.00 r
  U12/Y (and2a3)                           0.19       5.19 r
  U9/Y (oa1f3)                             0.15       5.34 f
  U8/Y (oa1f3)                             0.60       5.94 r
  lru_way[0] (out)                         0.00       5.94 r
  data arrival time                                   5.94

  clock clk (rise edge)                   20.00      20.00
  clock network delay (ideal)              0.00      20.00
  output external delay                   -5.00      15.00
  data required time                                 15.00
  -----------------------------------------------------------
  data required time                                 15.00
  data arrival time                                  -5.94
  -----------------------------------------------------------
  slack (MET)                                         9.06


1
