Information: Updating design information... (UID-85)
 
****************************************
Report : timing
        -path full
        -delay max
        -max_paths 1
Design : agemtx4_find
Version: V-2023.12-SP3
Date   : Thu Apr 30 09:19:54 2026
****************************************

Operating Conditions: nom_pvt   Library: ssc_core
Wire Load Model Mode: enclosed

  Startpoint: m_1_0 (input port clocked by clk)
  Endpoint: lru_way[1] (output port clocked by clk)
  Path Group: clk
  Path Type: max

  Des/Clust/Port     Wire Load Model       Library
  ------------------------------------------------
  agemtx4_find       5KGATES               ssc_core

  Point                                    Incr       Path
  -----------------------------------------------------------
  clock clk (rise edge)                    0.00       0.00
  clock network delay (ideal)              0.00       0.00
  input external delay                     5.00       5.00 r
  m_1_0 (in)                               0.00       5.00 r
  U21/Y (or3a2)                            0.33       5.33 r
  U18/Y (and2a3)                           0.27       5.60 r
  U17/Y (inv1a3)                           0.15       5.75 f
  U16/Y (oa1f3)                            0.58       6.33 r
  lru_way[1] (out)                         0.00       6.34 r
  data arrival time                                   6.34

  clock clk (rise edge)                   20.00      20.00
  clock network delay (ideal)              0.00      20.00
  output external delay                   -5.00      15.00
  data required time                                 15.00
  -----------------------------------------------------------
  data required time                                 15.00
  data arrival time                                  -6.34
  -----------------------------------------------------------
  slack (MET)                                         8.66


1
