Information: Updating design information... (UID-85)
 
****************************************
Report : timing
        -path full
        -delay max
        -max_paths 1
Design : agemtx8_find
Version: V-2023.12-SP3
Date   : Thu Apr 30 09:20:00 2026
****************************************

Operating Conditions: nom_pvt   Library: ssc_core
Wire Load Model Mode: enclosed

  Startpoint: m_2_4 (input port clocked by clk)
  Endpoint: lru_way[2] (output port clocked by clk)
  Path Group: clk
  Path Type: max

  Des/Clust/Port     Wire Load Model       Library
  ------------------------------------------------
  agemtx8_find       5KGATES               ssc_core

  Point                                    Incr       Path
  -----------------------------------------------------------
  clock clk (rise edge)                    0.00       0.00
  clock network delay (ideal)              0.00       0.00
  input external delay                     5.00       5.00 f
  m_2_4 (in)                               0.00       5.00 f
  U58/Y (or4a3)                            0.25       5.25 f
  U57/Y (or4a3)                            0.31       5.56 f
  U42/Y (and2a3)                           0.27       5.82 f
  U41/Y (inv1a3)                           0.14       5.96 r
  U40/Y (or3a2)                            0.47       6.43 r
  U43/Y (or3a2)                            0.42       6.85 r
  U45/Y (and2a3)                           0.27       7.12 r
  U44/Y (ao1f3)                            0.42       7.54 f
  lru_way[2] (out)                         0.00       7.54 f
  data arrival time                                   7.54

  clock clk (rise edge)                   20.00      20.00
  clock network delay (ideal)              0.00      20.00
  output external delay                   -5.00      15.00
  data required time                                 15.00
  -----------------------------------------------------------
  data required time                                 15.00
  data arrival time                                  -7.54
  -----------------------------------------------------------
  slack (MET)                                         7.46


1
