 
****************************************
Report : area
Design : agemtx4_update
Version: V-2023.12-SP3
Date   : Thu Apr 30 09:19:58 2026
****************************************

Library(s) Used:

    ssc_core (File: /home/foxxy/synopsys/syn/V-2023.12-SP3/doc/syn/dv_tutorial/risc_design/libs/core_typ.db)

Number of ports:                           28
Number of nets:                            48
Number of cells:                           33
Number of combinational cells:             33
Number of sequential cells:                 0
Number of macros/black boxes:               0
Number of buf/inv:                          9
Number of references:                       5

Combinational area:                834.440006
Buf/Inv area:                       97.560001
Noncombinational area:               0.000000
Macro/Black Box area:                0.000000
Net Interconnect area:            3919.672966

Total cell area:                   834.440006
Total area:                       4754.112972
1
