 
****************************************
Report : area
Design : agemtx16_find
Version: V-2023.12-SP3
Date   : Thu Apr 30 09:19:33 2026
****************************************

Library(s) Used:

    ssc_core (File: /home/foxxy/synopsys/syn/V-2023.12-SP3/doc/syn/dv_tutorial/risc_design/libs/core_typ.db)

Number of ports:                          245
Number of nets:                           369
Number of cells:                          129
Number of combinational cells:            128
Number of sequential cells:                 0
Number of macros/black boxes:               0
Number of buf/inv:                         17
Number of references:                       8

Combinational area:               4713.649845
Buf/Inv area:                      184.280003
Noncombinational area:               0.000000
Macro/Black Box area:                0.000000
Net Interconnect area:           24510.665787

Total cell area:                  4713.649845
Total area:                      29224.315632
1
