 
****************************************
Report : area
Design : agemtx2_update
Version: V-2023.12-SP3
Date   : Thu Apr 30 09:19:43 2026
****************************************

Library(s) Used:

    ssc_core (File: /home/foxxy/synopsys/syn/V-2023.12-SP3/doc/syn/dv_tutorial/risc_design/libs/core_typ.db)

Number of ports:                            7
Number of nets:                            10
Number of cells:                            6
Number of combinational cells:              6
Number of sequential cells:                 0
Number of macros/black boxes:               0
Number of buf/inv:                          2
Number of references:                       4

Combinational area:                130.040001
Buf/Inv area:                       21.680000
Noncombinational area:               0.000000
Macro/Black Box area:                0.000000
Net Interconnect area:             738.120003

Total cell area:                   130.040001
Total area:                        868.160004
1
