 
****************************************
Report : area
Design : agemtx8_find
Version: V-2023.12-SP3
Date   : Thu Apr 30 09:20:00 2026
****************************************

Library(s) Used:

    ssc_core (File: /home/foxxy/synopsys/syn/V-2023.12-SP3/doc/syn/dv_tutorial/risc_design/libs/core_typ.db)

Number of ports:                           60
Number of nets:                            93
Number of cells:                           37
Number of combinational cells:             36
Number of sequential cells:                 0
Number of macros/black boxes:               0
Number of buf/inv:                          7
Number of references:                       7

Combinational area:               1208.219965
Buf/Inv area:                       75.880001
Noncombinational area:               0.000000
Macro/Black Box area:                0.000000
Net Interconnect area:            6286.744587

Total cell area:                  1208.219965
Total area:                       7494.964552
1
