 
****************************************
Report : area
Design : agemtx32_full
Version: V-2023.12-SP3
Date   : Thu Apr 30 09:19:49 2026
****************************************

Library(s) Used:

    ssc_core (File: /home/foxxy/synopsys/syn/V-2023.12-SP3/doc/syn/dv_tutorial/risc_design/libs/core_typ.db)

Number of ports:                         1002
Number of nets:                          2450
Number of cells:                         1453
Number of combinational cells:           1453
Number of sequential cells:                 0
Number of macros/black boxes:               0
Number of buf/inv:                        167
Number of references:                      41

Combinational area:              38613.379820
Buf/Inv area:                     2086.420017
Noncombinational area:               0.000000
Macro/Black Box area:                0.000000
Net Interconnect area:          186133.495098

Total cell area:                 38613.379820
Total area:                     224746.874918
1
