 
****************************************
Report : area
Design : agemtx2_find
Version: V-2023.12-SP3
Date   : Thu Apr 30 09:19:39 2026
****************************************

Library(s) Used:

    ssc_core (File: /home/foxxy/synopsys/syn/V-2023.12-SP3/doc/syn/dv_tutorial/risc_design/libs/core_typ.db)

Number of ports:                            4
Number of nets:                             5
Number of cells:                            3
Number of combinational cells:              2
Number of sequential cells:                 0
Number of macros/black boxes:               0
Number of buf/inv:                          1
Number of references:                       2

Combinational area:                 32.510000
Buf/Inv area:                       10.840000
Noncombinational area:               0.000000
Macro/Black Box area:                0.000000
Net Interconnect area:             254.524002

Total cell area:                    32.510000
Total area:                        287.034002
1
