 
****************************************
Report : area
Design : cam_E2_2w32
Version: V-2023.12-SP3
Date   : Thu Apr 30 09:10:45 2026
****************************************

Library(s) Used:

    ssc_core (File: /home/foxxy/synopsys/syn/V-2023.12-SP3/doc/syn/dv_tutorial/risc_design/libs/core_typ.db)

Number of ports:                           98
Number of nets:                           214
Number of cells:                          118
Number of combinational cells:            118
Number of sequential cells:                 0
Number of macros/black boxes:               0
Number of buf/inv:                         32
Number of references:                       4

Combinational area:               4139.179981
Buf/Inv area:                      346.880005
Noncombinational area:               0.000000
Macro/Black Box area:                0.000000
Net Interconnect area:           14431.514214

Total cell area:                  4139.179981
Total area:                      18570.694195
1
