Information: Updating design information... (UID-85)
 
****************************************
Report : timing
        -path full
        -delay max
        -max_paths 1
Design : cam_D_2w32_d64
Version: V-2023.12-SP3
Date   : Thu Apr 30 09:10:38 2026
****************************************

Operating Conditions: nom_pvt   Library: ssc_core
Wire Load Model Mode: enclosed

  Startpoint: tags[0] (input port clocked by clk)
  Endpoint: data_out[0]
            (output port clocked by clk)
  Path Group: clk
  Path Type: max

  Des/Clust/Port     Wire Load Model       Library
  ------------------------------------------------
  cam_D_2w32_d64     5KGATES               ssc_core
  cam_D_2w32_d64_DW01_cmp6_1
                     5KGATES               ssc_core

  Point                                                   Incr       Path
  --------------------------------------------------------------------------
  clock clk (rise edge)                                   0.00       0.00
  clock network delay (ideal)                             0.00       0.00
  input external delay                                    5.00       5.00 r
  tags[0] (in)                                            0.00       5.00 r
  eq_832/B[0] (cam_D_2w32_d64_DW01_cmp6_1)                0.00       5.00 r
  eq_832/U3/Y (inv1a3)                                    0.10       5.10 f
  eq_832/U47/Y (or2a1)                                    0.53       5.63 f
  eq_832/U46/Y (and2a3)                                   0.24       5.86 f
  eq_832/U45/Y (oa1f1)                                    0.88       6.74 r
  eq_832/U44/Y (or4a3)                                    0.33       7.07 r
  eq_832/U6/Y (or4a3)                                     0.19       7.27 r
  eq_832/U1/Y (inv1a3)                                    0.35       7.61 f
  eq_832/EQ (cam_D_2w32_d64_DW01_cmp6_1)                  0.00       7.61 f
  U149/Y (inv1a3)                                         0.17       7.79 r
  U148/Y (and2a3)                                         0.26       8.05 r
  U147/Y (buf1a15)                                        0.79       8.83 r
  U134/Y (ao1a3)                                          0.54       9.37 r
  data_out[0] (out)                                       0.00       9.37 r
  data arrival time                                                  9.37

  clock clk (rise edge)                                  20.00      20.00
  clock network delay (ideal)                             0.00      20.00
  output external delay                                  -5.00      15.00
  data required time                                                15.00
  --------------------------------------------------------------------------
  data required time                                                15.00
  data arrival time                                                 -9.37
  --------------------------------------------------------------------------
  slack (MET)                                                        5.63


1
