 
****************************************
Report : area
Design : cam_A_16w16
Version: V-2023.12-SP3
Date   : Thu Apr 30 09:09:59 2026
****************************************

Library(s) Used:

    ssc_core (File: /home/foxxy/synopsys/syn/V-2023.12-SP3/doc/syn/dv_tutorial/risc_design/libs/core_typ.db)

Number of ports:                          288
Number of nets:                           737
Number of cells:                          465
Number of combinational cells:            465
Number of sequential cells:                 0
Number of macros/black boxes:               0
Number of buf/inv:                         65
Number of references:                       6

Combinational area:              16654.039921
Buf/Inv area:                      704.600010
Noncombinational area:               0.000000
Macro/Black Box area:                0.000000
Net Interconnect area:           55448.077759

Total cell area:                 16654.039921
Total area:                      72102.117680
1
