 
****************************************
Report : area
Design : cam_A_2w8
Version: V-2023.12-SP3
Date   : Thu Apr 30 09:09:45 2026
****************************************

Library(s) Used:

    ssc_core (File: /home/foxxy/synopsys/syn/V-2023.12-SP3/doc/syn/dv_tutorial/risc_design/libs/core_typ.db)

Number of ports:                           26
Number of nets:                            54
Number of cells:                           30
Number of combinational cells:             30
Number of sequential cells:                 0
Number of macros/black boxes:               0
Number of buf/inv:                          8
Number of references:                       4

Combinational area:               1018.539997
Buf/Inv area:                       86.720001
Noncombinational area:               0.000000
Macro/Black Box area:                0.000000
Net Interconnect area:            3639.694054

Total cell area:                  1018.539997
Total area:                       4658.234051
1
