 
****************************************
Report : area
Design : cam_E2_32w32
Version: V-2023.12-SP3
Date   : Sat May  2 13:23:37 2026
****************************************

Library(s) Used:

    ssc_core (File: /home/foxxy/synopsys/syn/V-2023.12-SP3/doc/syn/dv_tutorial/risc_design/libs/core_typ.db)

Number of ports:                         1088
Number of nets:                          2528
Number of cells:                         1472
Number of combinational cells:           1472
Number of sequential cells:                 0
Number of macros/black boxes:               0
Number of buf/inv:                         96
Number of references:                       6

Combinational area:              62237.119629
Buf/Inv area:                     1560.320007
Noncombinational area:               0.000000
Macro/Black Box area:                0.000000
Net Interconnect area:          186108.019531

Total cell area:                 62237.119629
Total area:                     248345.139160
1
