Information: Updating design information... (UID-85)
 
****************************************
Report : timing
        -path full
        -delay max
        -max_paths 1
Design : cam_C1_8w32
Version: V-2023.12-SP3
Date   : Thu Apr 30 09:10:26 2026
****************************************

Operating Conditions: nom_pvt   Library: ssc_core
Wire Load Model Mode: enclosed

  Startpoint: tags[32] (input port clocked by clk)
  Endpoint: way_enc[1] (output port clocked by clk)
  Path Group: clk
  Path Type: max

  Des/Clust/Port     Wire Load Model       Library
  ------------------------------------------------
  cam_C1_8w32        5KGATES               ssc_core
  cam_C1_8w32_DW01_cmp6_6
                     5KGATES               ssc_core
  cam_C1_8w32_DW01_inc_0
                     5KGATES               ssc_core

  Point                                                   Incr       Path
  --------------------------------------------------------------------------
  clock clk (rise edge)                                   0.00       0.00
  clock network delay (ideal)                             0.00       0.00
  input external delay                                    5.00       5.00 r
  tags[32] (in)                                           0.00       5.00 r
  eq_544/B[0] (cam_C1_8w32_DW01_cmp6_6)                   0.00       5.00 r
  eq_544/U3/Y (inv1a3)                                    0.10       5.10 f
  eq_544/U47/Y (or2a1)                                    0.53       5.63 f
  eq_544/U46/Y (and2a3)                                   0.24       5.86 f
  eq_544/U45/Y (oa1f1)                                    0.88       6.74 r
  eq_544/U44/Y (or4a3)                                    0.33       7.07 r
  eq_544/U6/Y (or4a3)                                     0.19       7.27 r
  eq_544/U1/Y (inv1a3)                                    0.23       7.50 f
  eq_544/EQ (cam_C1_8w32_DW01_cmp6_6)                     0.00       7.50 f
  U49/Y (inv1a3)                                          0.21       7.71 r
  add_551/A[1] (cam_C1_8w32_DW01_inc_0)                   0.00       7.71 r
  add_551/U1_1_1/CO (ha1a3)                               0.25       7.96 r
  add_551/U1_1_2/CO (ha1a3)                               0.23       8.20 r
  add_551/U1_1_3/CO (ha1a3)                               0.23       8.43 r
  add_551/U1_1_4/CO (ha1a3)                               0.23       8.66 r
  add_551/U1_1_5/CO (ha1a3)                               0.23       8.89 r
  add_551/U1_1_6/CO (ha1a3)                               0.22       9.11 r
  add_551/U1/Y (xor2a1)                                   0.81       9.92 r
  add_551/SUM[7] (cam_C1_8w32_DW01_inc_0)                 0.00       9.92 r
  U14/Y (ao1a3)                                           0.39      10.32 r
  U42/Y (or3a2)                                           0.71      11.03 r
  way_enc[1] (out)                                        0.00      11.03 r
  data arrival time                                                 11.03

  clock clk (rise edge)                                  20.00      20.00
  clock network delay (ideal)                             0.00      20.00
  output external delay                                  -5.00      15.00
  data required time                                                15.00
  --------------------------------------------------------------------------
  data required time                                                15.00
  data arrival time                                                -11.03
  --------------------------------------------------------------------------
  slack (MET)                                                        3.97


1
