 
****************************************
Report : area
Design : cam_A_2w48
Version: V-2023.12-SP3
Date   : Thu Apr 30 09:09:48 2026
****************************************

Library(s) Used:

    ssc_core (File: /home/foxxy/synopsys/syn/V-2023.12-SP3/doc/syn/dv_tutorial/risc_design/libs/core_typ.db)

Number of ports:                          352
Number of nets:                           492
Number of cells:                          156
Number of combinational cells:            152
Number of sequential cells:                 0
Number of macros/black boxes:               0
Number of buf/inv:                         10
Number of references:                       2

Combinational area:               5916.119953
Buf/Inv area:                      108.400002
Noncombinational area:               0.000000
Macro/Black Box area:                0.000000
Net Interconnect area:           20361.926315

Total cell area:                  5916.119953
Total area:                      26278.046268
1
