Information: Updating design information... (UID-85)
 
****************************************
Report : timing
        -path full
        -delay max
        -max_paths 1
Design : cam_C3_8w32
Version: V-2023.12-SP3
Date   : Thu Apr 30 09:10:36 2026
****************************************

Operating Conditions: nom_pvt   Library: ssc_core
Wire Load Model Mode: enclosed

  Startpoint: tags[128] (input port clocked by clk)
  Endpoint: way_enc[0] (output port clocked by clk)
  Path Group: clk
  Path Type: max

  Des/Clust/Port     Wire Load Model       Library
  ------------------------------------------------
  cam_C3_8w32        5KGATES               ssc_core
  cam_C3_8w32_DW01_cmp6_3
                     5KGATES               ssc_core

  Point                                                   Incr       Path
  --------------------------------------------------------------------------
  clock clk (rise edge)                                   0.00       0.00
  clock network delay (ideal)                             0.00       0.00
  input external delay                                    5.00       5.00 r
  tags[128] (in)                                          0.00       5.00 r
  eq_755/B[0] (cam_C3_8w32_DW01_cmp6_3)                   0.00       5.00 r
  eq_755/U3/Y (inv1a3)                                    0.10       5.10 f
  eq_755/U47/Y (or2a1)                                    0.53       5.63 f
  eq_755/U46/Y (and2a3)                                   0.24       5.86 f
  eq_755/U45/Y (oa1f1)                                    0.88       6.74 r
  eq_755/U44/Y (or4a3)                                    0.33       7.07 r
  eq_755/U6/Y (or4a3)                                     0.19       7.27 r
  eq_755/U1/Y (inv1a3)                                    0.23       7.50 f
  eq_755/EQ (cam_C3_8w32_DW01_cmp6_3)                     0.00       7.50 f
  U55/Y (or4a3)                                           0.31       7.81 f
  U47/Y (inv1a3)                                          0.16       7.96 r
  U46/Y (or3a2)                                           0.46       8.42 r
  U37/Y (inv1a3)                                          0.58       9.00 f
  U41/Y (ao1f3)                                           0.36       9.36 r
  U40/Y (inv1a3)                                          0.20       9.56 f
  U39/Y (oa1f3)                                           0.67      10.23 r
  U44/Y (oa1f3)                                           0.41      10.64 f
  U42/Y (and2a3)                                          0.39      11.03 f
  way_enc[0] (out)                                        0.00      11.03 f
  data arrival time                                                 11.03

  clock clk (rise edge)                                  20.00      20.00
  clock network delay (ideal)                             0.00      20.00
  output external delay                                  -5.00      15.00
  data required time                                                15.00
  --------------------------------------------------------------------------
  data required time                                                15.00
  data arrival time                                                -11.03
  --------------------------------------------------------------------------
  slack (MET)                                                        3.97


1
