 
****************************************
Report : area
Design : cam_B_16w48
Version: V-2023.12-SP3
Date   : Thu Apr 30 09:10:22 2026
****************************************

Library(s) Used:

    ssc_core (File: /home/foxxy/synopsys/syn/V-2023.12-SP3/doc/syn/dv_tutorial/risc_design/libs/core_typ.db)

Number of ports:                         2481
Number of nets:                          3605
Number of cells:                         1253
Number of combinational cells:           1221
Number of sequential cells:                 0
Number of macros/black boxes:               0
Number of buf/inv:                         80
Number of references:                      17

Combinational area:              47572.759617
Buf/Inv area:                      867.200012
Noncombinational area:               0.000000
Macro/Black Box area:                0.000000
Net Interconnect area:          150792.801304

Total cell area:                 47572.759617
Total area:                     198365.560921
1
