 
****************************************
Report : area
Design : cam_B_8w16
Version: V-2023.12-SP3
Date   : Thu Apr 30 09:10:13 2026
****************************************

Library(s) Used:

    ssc_core (File: /home/foxxy/synopsys/syn/V-2023.12-SP3/doc/syn/dv_tutorial/risc_design/libs/core_typ.db)

Number of ports:                          153
Number of nets:                           382
Number of cells:                          238
Number of combinational cells:            238
Number of sequential cells:                 0
Number of macros/black boxes:               0
Number of buf/inv:                         35
Number of references:                       7

Combinational area:               8478.729958
Buf/Inv area:                      379.400005
Noncombinational area:               0.000000
Macro/Black Box area:                0.000000
Net Interconnect area:           28583.059467

Total cell area:                  8478.729958
Total area:                      37061.789425
1
