 
****************************************
Report : area
Design : cam_D_2w32_d64
Version: V-2023.12-SP3
Date   : Thu Apr 30 09:10:38 2026
****************************************

Library(s) Used:

    ssc_core (File: /home/foxxy/synopsys/syn/V-2023.12-SP3/doc/syn/dv_tutorial/risc_design/libs/core_typ.db)

Number of ports:                          432
Number of nets:                           606
Number of cells:                          254
Number of combinational cells:            250
Number of sequential cells:                 0
Number of macros/black boxes:               0
Number of buf/inv:                         26
Number of references:                       7

Combinational area:               8099.840006
Buf/Inv area:                      314.340004
Noncombinational area:               0.000000
Macro/Black Box area:                0.000000
Net Interconnect area:           34589.823971

Total cell area:                  8099.840006
Total area:                      42689.663977
1
