 
****************************************
Report : area
Design : cam_D_8w32_d64
Version: V-2023.12-SP3
Date   : Thu Apr 30 09:10:41 2026
****************************************

Library(s) Used:

    ssc_core (File: /home/foxxy/synopsys/syn/V-2023.12-SP3/doc/syn/dv_tutorial/risc_design/libs/core_typ.db)

Number of ports:                         1452
Number of nets:                          2531
Number of cells:                         1198
Number of combinational cells:           1181
Number of sequential cells:                 0
Number of macros/black boxes:               0
Number of buf/inv:                        201
Number of references:                      18

Combinational area:              34982.429844
Buf/Inv area:                     2573.770020
Noncombinational area:               0.000000
Macro/Black Box area:                0.000000
Net Interconnect area:          147280.381737

Total cell area:                 34982.429844
Total area:                     182262.811581
1
