 
****************************************
Report : area
Design : cam_A_16w8
Version: V-2023.12-SP3
Date   : Thu Apr 30 09:09:58 2026
****************************************

Library(s) Used:

    ssc_core (File: /home/foxxy/synopsys/syn/V-2023.12-SP3/doc/syn/dv_tutorial/risc_design/libs/core_typ.db)

Number of ports:                          152
Number of nets:                           320
Number of cells:                          184
Number of combinational cells:            184
Number of sequential cells:                 0
Number of macros/black boxes:               0
Number of buf/inv:                          8
Number of references:                       4

Combinational area:               7541.279968
Buf/Inv area:                       86.720001
Noncombinational area:               0.000000
Macro/Black Box area:                0.000000
Net Interconnect area:           23416.215912

Total cell area:                  7541.279968
Total area:                      30957.495880
1
