 
****************************************
Report : area
Design : cam_B_2w16
Version: V-2023.12-SP3
Date   : Thu Apr 30 09:10:05 2026
****************************************

Library(s) Used:

    ssc_core (File: /home/foxxy/synopsys/syn/V-2023.12-SP3/doc/syn/dv_tutorial/risc_design/libs/core_typ.db)

Number of ports:                           51
Number of nets:                           108
Number of cells:                           60
Number of combinational cells:             60
Number of sequential cells:                 0
Number of macros/black boxes:               0
Number of buf/inv:                          9
Number of references:                       7

Combinational area:               2118.329990
Buf/Inv area:                       97.560001
Noncombinational area:               0.000000
Macro/Black Box area:                0.000000
Net Interconnect area:            7635.723133

Total cell area:                  2118.329990
Total area:                       9754.053123
1
