Information: Updating design information... (UID-85)
 
****************************************
Report : timing
        -path full
        -delay max
        -max_paths 1
Design : cam_D_8w32_d64
Version: V-2023.12-SP3
Date   : Thu Apr 30 09:10:41 2026
****************************************

Operating Conditions: nom_pvt   Library: ssc_core
Wire Load Model Mode: enclosed

  Startpoint: tags[0] (input port clocked by clk)
  Endpoint: data_out[45]
            (output port clocked by clk)
  Path Group: clk
  Path Type: max

  Des/Clust/Port     Wire Load Model       Library
  ------------------------------------------------
  cam_D_8w32_d64     5KGATES               ssc_core
  cam_D_8w32_d64_DW01_cmp6_7
                     5KGATES               ssc_core
  cam_D_8w32_d64_DW01_inc_0
                     5KGATES               ssc_core

  Point                                                   Incr       Path
  --------------------------------------------------------------------------
  clock clk (rise edge)                                   0.00       0.00
  clock network delay (ideal)                             0.00       0.00
  input external delay                                    5.00       5.00 r
  tags[0] (in)                                            0.00       5.00 r
  eq_889/B[0] (cam_D_8w32_d64_DW01_cmp6_7)                0.00       5.00 r
  eq_889/U3/Y (inv1a3)                                    0.10       5.10 f
  eq_889/U47/Y (or2a1)                                    0.53       5.63 f
  eq_889/U46/Y (and2a3)                                   0.24       5.86 f
  eq_889/U45/Y (oa1f1)                                    0.88       6.74 r
  eq_889/U44/Y (or4a3)                                    0.33       7.07 r
  eq_889/U6/Y (or4a3)                                     0.19       7.27 r
  eq_889/U1/Y (inv1a3)                                    0.23       7.50 f
  eq_889/EQ (cam_D_8w32_d64_DW01_cmp6_7)                  0.00       7.50 f
  U802/Y (inv1a3)                                         0.23       7.73 r
  add_897/A[0] (cam_D_8w32_d64_DW01_inc_0)                0.00       7.73 r
  add_897/U1_1_1/CO (ha1a3)                               0.25       7.97 r
  add_897/U1_1_2/CO (ha1a3)                               0.23       8.21 r
  add_897/U1_1_3/CO (ha1a3)                               0.23       8.44 r
  add_897/U1_1_4/CO (ha1a3)                               0.23       8.67 r
  add_897/U1_1_5/CO (ha1a3)                               0.23       8.90 r
  add_897/U1_1_6/CO (ha1a3)                               0.22       9.13 r
  add_897/U2/Y (xor2a1)                                   0.35       9.48 f
  add_897/SUM[7] (cam_D_8w32_d64_DW01_inc_0)              0.00       9.48 f
  U794/Y (and2a3)                                         0.30       9.77 f
  U774/Y (inv1a3)                                         0.25      10.02 r
  U703/Y (inv1a3)                                         0.44      10.46 f
  U771/Y (or4a3)                                          0.61      11.07 f
  U773/Y (or3a2)                                          0.46      11.53 f
  U772/Y (inv1a3)                                         0.20      11.73 r
  U792/Y (and4a3)                                         0.61      12.34 r
  U777/Y (buf1a3)                                         0.42      12.76 r
  U708/Y (buf1a3)                                         0.58      13.34 r
  U891/Y (oa1f3)                                          0.30      13.65 f
  U1080/Y (and4a3)                                        0.19      13.84 f
  U1079/Y (inv1a3)                                        0.35      14.18 r
  data_out[45] (out)                                      0.00      14.18 r
  data arrival time                                                 14.18

  clock clk (rise edge)                                  20.00      20.00
  clock network delay (ideal)                             0.00      20.00
  output external delay                                  -5.00      15.00
  data required time                                                15.00
  --------------------------------------------------------------------------
  data required time                                                15.00
  data arrival time                                                -14.18
  --------------------------------------------------------------------------
  slack (MET)                                                        0.82


1
