 
****************************************
Report : area
Design : cam_A_4w8
Version: V-2023.12-SP3
Date   : Thu Apr 30 09:09:49 2026
****************************************

Library(s) Used:

    ssc_core (File: /home/foxxy/synopsys/syn/V-2023.12-SP3/doc/syn/dv_tutorial/risc_design/libs/core_typ.db)

Number of ports:                           44
Number of nets:                            92
Number of cells:                           52
Number of combinational cells:             52
Number of sequential cells:                 0
Number of macros/black boxes:               0
Number of buf/inv:                          8
Number of references:                       4

Combinational area:               1950.359993
Buf/Inv area:                       86.720001
Noncombinational area:               0.000000
Macro/Black Box area:                0.000000
Net Interconnect area:            6464.912003

Total cell area:                  1950.359993
Total area:                       8415.271996
1
