 
****************************************
Report : area
Design : cam_B_16w16
Version: V-2023.12-SP3
Date   : Thu Apr 30 09:10:18 2026
****************************************

Library(s) Used:

    ssc_core (File: /home/foxxy/synopsys/syn/V-2023.12-SP3/doc/syn/dv_tutorial/risc_design/libs/core_typ.db)

Number of ports:                          289
Number of nets:                           742
Number of cells:                          470
Number of combinational cells:            470
Number of sequential cells:                 0
Number of macros/black boxes:               0
Number of buf/inv:                         65
Number of references:                       6

Combinational area:              16897.839912
Buf/Inv area:                      704.600010
Noncombinational area:               0.000000
Macro/Black Box area:                0.000000
Net Interconnect area:           56173.472813

Total cell area:                 16897.839912
Total area:                      73071.312725
1
