Information: Updating design information... (UID-85)
 
****************************************
Report : timing
        -path full
        -delay max
        -max_paths 1
Design : cam_C3_4w32
Version: V-2023.12-SP3
Date   : Thu Apr 30 09:10:34 2026
****************************************

Operating Conditions: nom_pvt   Library: ssc_core
Wire Load Model Mode: enclosed

  Startpoint: tags[0] (input port clocked by clk)
  Endpoint: way_enc[0] (output port clocked by clk)
  Path Group: clk
  Path Type: max

  Des/Clust/Port     Wire Load Model       Library
  ------------------------------------------------
  cam_C3_4w32        5KGATES               ssc_core
  cam_C3_4w32_DW01_cmp6_3
                     5KGATES               ssc_core

  Point                                                   Incr       Path
  --------------------------------------------------------------------------
  clock clk (rise edge)                                   0.00       0.00
  clock network delay (ideal)                             0.00       0.00
  input external delay                                    5.00       5.00 r
  tags[0] (in)                                            0.00       5.00 r
  eq_728/B[0] (cam_C3_4w32_DW01_cmp6_3)                   0.00       5.00 r
  eq_728/U3/Y (inv1a3)                                    0.10       5.10 f
  eq_728/U47/Y (or2a1)                                    0.53       5.63 f
  eq_728/U46/Y (and2a3)                                   0.24       5.86 f
  eq_728/U45/Y (oa1f1)                                    0.88       6.74 r
  eq_728/U44/Y (or4a3)                                    0.33       7.07 r
  eq_728/U6/Y (or4a3)                                     0.19       7.27 r
  eq_728/U1/Y (inv1a3)                                    0.23       7.50 f
  eq_728/EQ (cam_C3_4w32_DW01_cmp6_3)                     0.00       7.50 f
  U19/Y (inv1a3)                                          0.16       7.65 r
  U17/Y (and3a3)                                          0.56       8.21 r
  U22/Y (oa1f3)                                           0.33       8.54 f
  U21/Y (ao1f3)                                           0.18       8.71 r
  U20/Y (inv1a3)                                          0.41       9.12 f
  way_enc[0] (out)                                        0.00       9.13 f
  data arrival time                                                  9.13

  clock clk (rise edge)                                  20.00      20.00
  clock network delay (ideal)                             0.00      20.00
  output external delay                                  -5.00      15.00
  data required time                                                15.00
  --------------------------------------------------------------------------
  data required time                                                15.00
  data arrival time                                                 -9.13
  --------------------------------------------------------------------------
  slack (MET)                                                        5.87


1
