 
****************************************
Report : area
Design : cam_B_4w8
Version: V-2023.12-SP3
Date   : Thu Apr 30 09:10:08 2026
****************************************

Library(s) Used:

    ssc_core (File: /home/foxxy/synopsys/syn/V-2023.12-SP3/doc/syn/dv_tutorial/risc_design/libs/core_typ.db)

Number of ports:                           45
Number of nets:                            89
Number of cells:                           49
Number of combinational cells:             49
Number of sequential cells:                 0
Number of macros/black boxes:               0
Number of buf/inv:                          4
Number of references:                       4

Combinational area:               1977.439991
Buf/Inv area:                       43.360001
Noncombinational area:               0.000000
Macro/Black Box area:                0.000000
Net Interconnect area:            6375.829014

Total cell area:                  1977.439991
Total area:                       8353.269005
1
