 
****************************************
Report : area
Design : cam_C1_8w32
Version: V-2023.12-SP3
Date   : Thu Apr 30 09:10:26 2026
****************************************

Library(s) Used:

    ssc_core (File: /home/foxxy/synopsys/syn/V-2023.12-SP3/doc/syn/dv_tutorial/risc_design/libs/core_typ.db)

Number of ports:                          876
Number of nets:                          1283
Number of cells:                          463
Number of combinational cells:            446
Number of sequential cells:                 0
Number of macros/black boxes:               0
Number of buf/inv:                         48
Number of references:                      15

Combinational area:              17092.829889
Buf/Inv area:                      520.320007
Noncombinational area:               0.000000
Macro/Black Box area:                0.000000
Net Interconnect area:           54544.517578

Total cell area:                 17092.829889
Total area:                      71637.347467
1
