 
****************************************
Report : area
Design : cam_B_8w48
Version: V-2023.12-SP3
Date   : Thu Apr 30 09:10:16 2026
****************************************

Library(s) Used:

    ssc_core (File: /home/foxxy/synopsys/syn/V-2023.12-SP3/doc/syn/dv_tutorial/risc_design/libs/core_typ.db)

Number of ports:                         1265
Number of nets:                          1827
Number of cells:                          627
Number of combinational cells:            611
Number of sequential cells:                 0
Number of macros/black boxes:               0
Number of buf/inv:                         40
Number of references:                      10

Combinational area:              23789.089809
Buf/Inv area:                      433.600006
Noncombinational area:               0.000000
Macro/Black Box area:                0.000000
Net Interconnect area:           76344.505917

Total cell area:                 23789.089809
Total area:                     100133.595726
1
