Information: Updating design information... (UID-85)
 
****************************************
Report : timing
        -path full
        -delay max
        -max_paths 1
Design : cam_E2_64w32
Version: V-2023.12-SP3
Date   : Sat May  2 13:23:44 2026
****************************************

Operating Conditions: nom_pvt   Library: ssc_core
Wire Load Model Mode: enclosed

  Startpoint: req_tag[10]
              (input port clocked by clk)
  Endpoint: hit[30] (output port clocked by clk)
  Path Group: clk
  Path Type: max

  Des/Clust/Port     Wire Load Model       Library
  ------------------------------------------------
  cam_E2_64w32       5KGATES               ssc_core

  Point                                    Incr       Path
  -----------------------------------------------------------
  clock clk (rise edge)                    0.00       0.00
  clock network delay (ideal)              0.00       0.00
  input external delay                     5.00       5.00 f
  req_tag[10] (in)                         0.00       5.00 f
  U3169/Y (inv1a3)                         0.89       5.89 r
  U3125/Y (buf1a3)                         1.09       6.99 r
  U1450/Y (xor2a6)                         0.40       7.39 r
  U3200/Y (and4a3)                         0.34       7.73 r
  U2907/Y (and4a3)                         0.35       8.08 r
  U2905/Y (and2a3)                         0.47       8.55 r
  hit[30] (out)                            0.00       8.56 r
  data arrival time                                   8.56

  clock clk (rise edge)                   20.00      20.00
  clock network delay (ideal)              0.00      20.00
  output external delay                   -5.00      15.00
  data required time                                 15.00
  -----------------------------------------------------------
  data required time                                 15.00
  data arrival time                                  -8.56
  -----------------------------------------------------------
  slack (MET)                                         6.44


1
