Information: Updating design information... (UID-85)
 
****************************************
Report : timing
        -path full
        -delay max
        -max_paths 1
Design : cam_C2_16w32
Version: V-2023.12-SP3
Date   : Thu Apr 30 09:10:32 2026
****************************************

Operating Conditions: nom_pvt   Library: ssc_core
Wire Load Model Mode: enclosed

  Startpoint: tags[416] (input port clocked by clk)
  Endpoint: way_enc[0] (output port clocked by clk)
  Path Group: clk
  Path Type: max

  Des/Clust/Port     Wire Load Model       Library
  ------------------------------------------------
  cam_C2_16w32       5KGATES               ssc_core
  cam_C2_16w32_DW01_cmp6_2
                     5KGATES               ssc_core

  Point                                                   Incr       Path
  --------------------------------------------------------------------------
  clock clk (rise edge)                                   0.00       0.00
  clock network delay (ideal)                             0.00       0.00
  input external delay                                    5.00       5.00 r
  tags[416] (in)                                          0.00       5.00 r
  eq_680/B[0] (cam_C2_16w32_DW01_cmp6_2)                  0.00       5.00 r
  eq_680/U3/Y (inv1a3)                                    0.10       5.10 f
  eq_680/U47/Y (or2a1)                                    0.53       5.63 f
  eq_680/U46/Y (and2a3)                                   0.24       5.86 f
  eq_680/U45/Y (oa1f1)                                    0.88       6.74 r
  eq_680/U44/Y (or4a3)                                    0.33       7.07 r
  eq_680/U6/Y (or4a3)                                     0.19       7.27 r
  eq_680/U1/Y (inv1a3)                                    0.19       7.46 f
  eq_680/EQ (cam_C2_16w32_DW01_cmp6_2)                    0.00       7.46 f
  U93/Y (inv1a3)                                          0.20       7.66 r
  U92/Y (ao1f3)                                           0.21       7.86 f
  U91/Y (and2a3)                                          0.21       8.08 f
  U90/Y (ao1f3)                                           0.27       8.35 r
  U88/Y (oa1f3)                                           0.24       8.59 f
  U87/Y (ao1f3)                                           0.30       8.88 r
  U86/Y (oa1f3)                                           0.24       9.12 f
  U84/Y (ao1f3)                                           0.30       9.42 r
  U83/Y (oa1f3)                                           0.50       9.92 f
  way_enc[0] (out)                                        0.00       9.92 f
  data arrival time                                                  9.92

  clock clk (rise edge)                                  20.00      20.00
  clock network delay (ideal)                             0.00      20.00
  output external delay                                  -5.00      15.00
  data required time                                                15.00
  --------------------------------------------------------------------------
  data required time                                                15.00
  data arrival time                                                 -9.92
  --------------------------------------------------------------------------
  slack (MET)                                                        5.08


1
