Information: Updating design information... (UID-85)
 
****************************************
Report : timing
        -path full
        -delay max
        -max_paths 1
Design : cam_A_16w16
Version: V-2023.12-SP3
Date   : Thu Apr 30 09:09:59 2026
****************************************

Operating Conditions: nom_pvt   Library: ssc_core
Wire Load Model Mode: enclosed

  Startpoint: tags[0] (input port clocked by clk)
  Endpoint: hit[0] (output port clocked by clk)
  Path Group: clk
  Path Type: max

  Des/Clust/Port     Wire Load Model       Library
  ------------------------------------------------
  cam_A_16w16        5KGATES               ssc_core

  Point                                    Incr       Path
  -----------------------------------------------------------
  clock clk (rise edge)                    0.00       0.00
  clock network delay (ideal)              0.00       0.00
  input external delay                     5.00       5.00 r
  tags[0] (in)                             0.00       5.00 r
  U65/Y (inv1a3)                           0.10       5.10 f
  U113/Y (or2a1)                           0.53       5.63 f
  U114/Y (and2a3)                          0.24       5.86 f
  U115/Y (oa1f1)                           0.88       6.74 r
  U116/Y (or4a3)                           0.33       7.07 r
  U122/Y (or4a3)                           0.20       7.27 r
  U33/Y (inv1a3)                           0.33       7.60 f
  hit[0] (out)                             0.00       7.60 f
  data arrival time                                   7.60

  clock clk (rise edge)                   20.00      20.00
  clock network delay (ideal)              0.00      20.00
  output external delay                   -5.00      15.00
  data required time                                 15.00
  -----------------------------------------------------------
  data required time                                 15.00
  data arrival time                                  -7.60
  -----------------------------------------------------------
  slack (MET)                                         7.40


1
