 
****************************************
Report : area
Design : cam_C1_2w32
Version: V-2023.12-SP3
Date   : Thu Apr 30 09:10:23 2026
****************************************

Library(s) Used:

    ssc_core (File: /home/foxxy/synopsys/syn/V-2023.12-SP3/doc/syn/dv_tutorial/risc_design/libs/core_typ.db)

Number of ports:                          240
Number of nets:                           335
Number of cells:                          111
Number of combinational cells:            107
Number of sequential cells:                 0
Number of macros/black boxes:               0
Number of buf/inv:                         11
Number of references:                       5

Combinational area:               4090.339979
Buf/Inv area:                      119.240002
Noncombinational area:               0.000000
Macro/Black Box area:                0.000000
Net Interconnect area:           14087.908222

Total cell area:                  4090.339979
Total area:                      18178.248201
1
