 
****************************************
Report : area
Design : cam_A_2w32
Version: V-2023.12-SP3
Date   : Thu Apr 30 09:09:47 2026
****************************************

Library(s) Used:

    ssc_core (File: /home/foxxy/synopsys/syn/V-2023.12-SP3/doc/syn/dv_tutorial/risc_design/libs/core_typ.db)

Number of ports:                          240
Number of nets:                           332
Number of cells:                          108
Number of combinational cells:            104
Number of sequential cells:                 0
Number of macros/black boxes:               0
Number of buf/inv:                         10
Number of references:                       2

Combinational area:               4030.739979
Buf/Inv area:                      108.400002
Noncombinational area:               0.000000
Macro/Black Box area:                0.000000
Net Interconnect area:           13846.110214

Total cell area:                  4030.739979
Total area:                      17876.850193
1
