 
****************************************
Report : area
Design : cam_E2_16w32
Version: V-2023.12-SP3
Date   : Thu Apr 30 09:10:48 2026
****************************************

Library(s) Used:

    ssc_core (File: /home/foxxy/synopsys/syn/V-2023.12-SP3/doc/syn/dv_tutorial/risc_design/libs/core_typ.db)

Number of ports:                          560
Number of nets:                          1264
Number of cells:                          720
Number of combinational cells:            720
Number of sequential cells:                 0
Number of macros/black boxes:               0
Number of buf/inv:                         32
Number of references:                       4

Combinational area:              30858.399811
Buf/Inv area:                      520.000000
Noncombinational area:               0.000000
Macro/Black Box area:                0.000000
Net Interconnect area:           92646.767639

Total cell area:                 30858.399811
Total area:                     123505.167450
1
