 
****************************************
Report : area
Design : cam_A_2w16
Version: V-2023.12-SP3
Date   : Thu Apr 30 09:09:46 2026
****************************************

Library(s) Used:

    ssc_core (File: /home/foxxy/synopsys/syn/V-2023.12-SP3/doc/syn/dv_tutorial/risc_design/libs/core_typ.db)

Number of ports:                           50
Number of nets:                           107
Number of cells:                           59
Number of combinational cells:             59
Number of sequential cells:                 0
Number of macros/black boxes:               0
Number of buf/inv:                          9
Number of references:                       6

Combinational area:               2091.239990
Buf/Inv area:                       97.560001
Noncombinational area:               0.000000
Macro/Black Box area:                0.000000
Net Interconnect area:            7521.187126

Total cell area:                  2091.239990
Total area:                       9612.427116
1
