 
****************************************
Report : area
Design : cam_B_4w16
Version: V-2023.12-SP3
Date   : Thu Apr 30 09:10:09 2026
****************************************

Library(s) Used:

    ssc_core (File: /home/foxxy/synopsys/syn/V-2023.12-SP3/doc/syn/dv_tutorial/risc_design/libs/core_typ.db)

Number of ports:                           85
Number of nets:                           198
Number of cells:                          118
Number of combinational cells:            118
Number of sequential cells:                 0
Number of macros/black boxes:               0
Number of buf/inv:                         17
Number of references:                       6

Combinational area:               4220.399979
Buf/Inv area:                      184.280003
Noncombinational area:               0.000000
Macro/Black Box area:                0.000000
Net Interconnect area:           14533.327930

Total cell area:                  4220.399979
Total area:                      18753.727909
1
