 
****************************************
Report : area
Design : cam_B_16w8
Version: V-2023.12-SP3
Date   : Thu Apr 30 09:10:17 2026
****************************************

Library(s) Used:

    ssc_core (File: /home/foxxy/synopsys/syn/V-2023.12-SP3/doc/syn/dv_tutorial/risc_design/libs/core_typ.db)

Number of ports:                          153
Number of nets:                           333
Number of cells:                          197
Number of combinational cells:            197
Number of sequential cells:                 0
Number of macros/black boxes:               0
Number of buf/inv:                         16
Number of references:                       4

Combinational area:               7958.519962
Buf/Inv area:                      173.440002
Noncombinational area:               0.000000
Macro/Black Box area:                0.000000
Net Interconnect area:           24650.658970

Total cell area:                  7958.519962
Total area:                      32609.178932
1
