 
****************************************
Report : area
Design : cam_C2_4w32
Version: V-2023.12-SP3
Date   : Thu Apr 30 09:10:29 2026
****************************************

Library(s) Used:

    ssc_core (File: /home/foxxy/synopsys/syn/V-2023.12-SP3/doc/syn/dv_tutorial/risc_design/libs/core_typ.db)

Number of ports:                          447
Number of nets:                           642
Number of cells:                          226
Number of combinational cells:            218
Number of sequential cells:                 0
Number of macros/black boxes:               0
Number of buf/inv:                         24
Number of references:                       8

Combinational area:               8251.119959
Buf/Inv area:                      260.160004
Noncombinational area:               0.000000
Macro/Black Box area:                0.000000
Net Interconnect area:           27259.532806

Total cell area:                  8251.119959
Total area:                      35510.652765
1
