 
****************************************
Report : area
Design : cam_B_16w32
Version: V-2023.12-SP3
Date   : Thu Apr 30 09:10:20 2026
****************************************

Library(s) Used:

    ssc_core (File: /home/foxxy/synopsys/syn/V-2023.12-SP3/doc/syn/dv_tutorial/risc_design/libs/core_typ.db)

Number of ports:                         1697
Number of nets:                          2437
Number of cells:                          869
Number of combinational cells:            837
Number of sequential cells:                 0
Number of macros/black boxes:               0
Number of buf/inv:                         80
Number of references:                      17

Combinational area:              32489.719822
Buf/Inv area:                      867.200012
Noncombinational area:               0.000000
Macro/Black Box area:                0.000000
Net Interconnect area:          102942.273472

Total cell area:                 32489.719822
Total area:                     135431.993294
1
