Information: Updating design information... (UID-85)
 
****************************************
Report : timing
        -path full
        -delay max
        -max_paths 1
Design : cam_C1_4w32
Version: V-2023.12-SP3
Date   : Thu Apr 30 09:10:24 2026
****************************************

Operating Conditions: nom_pvt   Library: ssc_core
Wire Load Model Mode: enclosed

  Startpoint: tags[64] (input port clocked by clk)
  Endpoint: valid (output port clocked by clk)
  Path Group: clk
  Path Type: max

  Des/Clust/Port     Wire Load Model       Library
  ------------------------------------------------
  cam_C1_4w32        5KGATES               ssc_core
  cam_C1_4w32_DW01_cmp6_1
                     5KGATES               ssc_core

  Point                                                   Incr       Path
  --------------------------------------------------------------------------
  clock clk (rise edge)                                   0.00       0.00
  clock network delay (ideal)                             0.00       0.00
  input external delay                                    5.00       5.00 r
  tags[64] (in)                                           0.00       5.00 r
  eq_525/B[0] (cam_C1_4w32_DW01_cmp6_1)                   0.00       5.00 r
  eq_525/U3/Y (inv1a3)                                    0.10       5.10 f
  eq_525/U47/Y (or2a1)                                    0.53       5.63 f
  eq_525/U46/Y (and2a3)                                   0.24       5.86 f
  eq_525/U45/Y (oa1f1)                                    0.88       6.74 r
  eq_525/U44/Y (or4a3)                                    0.33       7.07 r
  eq_525/U6/Y (or4a3)                                     0.19       7.27 r
  eq_525/U1/Y (inv1a3)                                    0.20       7.46 f
  eq_525/EQ (cam_C1_4w32_DW01_cmp6_1)                     0.00       7.46 f
  U10/Y (or2a3)                                           0.25       7.71 f
  U19/Y (or3a2)                                           0.65       8.37 f
  valid (out)                                             0.00       8.37 f
  data arrival time                                                  8.37

  clock clk (rise edge)                                  20.00      20.00
  clock network delay (ideal)                             0.00      20.00
  output external delay                                  -5.00      15.00
  data required time                                                15.00
  --------------------------------------------------------------------------
  data required time                                                15.00
  data arrival time                                                 -8.37
  --------------------------------------------------------------------------
  slack (MET)                                                        6.63


1
