 
****************************************
Report : area
Design : cam_A_4w32
Version: V-2023.12-SP3
Date   : Thu Apr 30 09:09:51 2026
****************************************

Library(s) Used:

    ssc_core (File: /home/foxxy/synopsys/syn/V-2023.12-SP3/doc/syn/dv_tutorial/risc_design/libs/core_typ.db)

Number of ports:                          448
Number of nets:                           632
Number of cells:                          216
Number of combinational cells:            208
Number of sequential cells:                 0
Number of macros/black boxes:               0
Number of buf/inv:                         20
Number of references:                       4

Combinational area:               8061.479958
Buf/Inv area:                      216.800003
Noncombinational area:               0.000000
Macro/Black Box area:                0.000000
Net Interconnect area:           26470.507782

Total cell area:                  8061.479958
Total area:                      34531.987740
1
