Information: Updating design information... (UID-85)
 
****************************************
Report : timing
        -path full
        -delay max
        -max_paths 1
Design : cam_E2_8w32
Version: V-2023.12-SP3
Date   : Thu Apr 30 09:10:47 2026
****************************************

Operating Conditions: nom_pvt   Library: ssc_core
Wire Load Model Mode: enclosed

  Startpoint: req_tag[10]
              (input port clocked by clk)
  Endpoint: hit[0] (output port clocked by clk)
  Path Group: clk
  Path Type: max

  Des/Clust/Port     Wire Load Model       Library
  ------------------------------------------------
  cam_E2_8w32        5KGATES               ssc_core

  Point                                    Incr       Path
  -----------------------------------------------------------
  clock clk (rise edge)                    0.00       0.00
  clock network delay (ideal)              0.00       0.00
  input external delay                     5.00       5.00 f
  req_tag[10] (in)                         0.00       5.00 f
  U409/Y (inv1a3)                          0.81       5.81 r
  U332/Y (xor2a6)                          0.38       6.19 r
  U410/Y (and4a3)                          0.34       6.53 r
  U379/Y (and4a3)                          0.35       6.88 r
  U377/Y (and2a3)                          0.47       7.35 r
  hit[0] (out)                             0.00       7.35 r
  data arrival time                                   7.35

  clock clk (rise edge)                   20.00      20.00
  clock network delay (ideal)              0.00      20.00
  output external delay                   -5.00      15.00
  data required time                                 15.00
  -----------------------------------------------------------
  data required time                                 15.00
  data arrival time                                  -7.35
  -----------------------------------------------------------
  slack (MET)                                         7.65


1
