Information: Updating design information... (UID-85)
 
****************************************
Report : timing
        -path full
        -delay max
        -max_paths 1
Design : cam_B_16w32
Version: V-2023.12-SP3
Date   : Thu Apr 30 09:10:20 2026
****************************************

Operating Conditions: nom_pvt   Library: ssc_core
Wire Load Model Mode: enclosed

  Startpoint: tags[448] (input port clocked by clk)
  Endpoint: any_hit (output port clocked by clk)
  Path Group: clk
  Path Type: max

  Des/Clust/Port     Wire Load Model       Library
  ------------------------------------------------
  cam_B_16w32        5KGATES               ssc_core
  cam_B_16w32_DW01_cmp6_1
                     5KGATES               ssc_core

  Point                                                   Incr       Path
  --------------------------------------------------------------------------
  clock clk (rise edge)                                   0.00       0.00
  clock network delay (ideal)                             0.00       0.00
  input external delay                                    5.00       5.00 r
  tags[448] (in)                                          0.00       5.00 r
  eq_467/B[0] (cam_B_16w32_DW01_cmp6_1)                   0.00       5.00 r
  eq_467/U3/Y (inv1a3)                                    0.10       5.10 f
  eq_467/U47/Y (or2a1)                                    0.53       5.63 f
  eq_467/U46/Y (and2a3)                                   0.24       5.86 f
  eq_467/U45/Y (oa1f1)                                    0.88       6.74 r
  eq_467/U44/Y (or4a3)                                    0.33       7.07 r
  eq_467/U6/Y (or4a3)                                     0.19       7.27 r
  eq_467/U1/Y (inv1a3)                                    0.36       7.63 f
  eq_467/EQ (cam_B_16w32_DW01_cmp6_1)                     0.00       7.63 f
  U40/Y (or4a3)                                           0.30       7.93 f
  U38/Y (or4a3)                                           0.50       8.42 f
  any_hit (out)                                           0.00       8.43 f
  data arrival time                                                  8.43

  clock clk (rise edge)                                  20.00      20.00
  clock network delay (ideal)                             0.00      20.00
  output external delay                                  -5.00      15.00
  data required time                                                15.00
  --------------------------------------------------------------------------
  data required time                                                15.00
  data arrival time                                                 -8.43
  --------------------------------------------------------------------------
  slack (MET)                                                        6.57


1
