Information: Updating design information... (UID-85)
 
****************************************
Report : timing
        -path full
        -delay max
        -max_paths 1
Design : cam_E2_32w32
Version: V-2023.12-SP3
Date   : Sat May  2 13:23:37 2026
****************************************

Operating Conditions: nom_pvt   Library: ssc_core
Wire Load Model Mode: enclosed

  Startpoint: req_tag[10]
              (input port clocked by clk)
  Endpoint: hit[0] (output port clocked by clk)
  Path Group: clk
  Path Type: max

  Des/Clust/Port     Wire Load Model       Library
  ------------------------------------------------
  cam_E2_32w32       5KGATES               ssc_core

  Point                                    Incr       Path
  -----------------------------------------------------------
  clock clk (rise edge)                    0.00       0.00
  clock network delay (ideal)              0.00       0.00
  input external delay                     5.00       5.00 f
  req_tag[10] (in)                         0.00       5.00 f
  U1631/Y (inv1a3)                         0.90       5.90 r
  U1529/Y (buf1a6)                         1.06       6.95 r
  U1364/Y (xor2a6)                         0.38       7.33 r
  U1601/Y (and4a3)                         0.34       7.67 r
  U1411/Y (and4a3)                         0.35       8.02 r
  U1409/Y (and2a3)                         0.47       8.49 r
  hit[0] (out)                             0.00       8.49 r
  data arrival time                                   8.49

  clock clk (rise edge)                   20.00      20.00
  clock network delay (ideal)              0.00      20.00
  output external delay                   -5.00      15.00
  data required time                                 15.00
  -----------------------------------------------------------
  data required time                                 15.00
  data arrival time                                  -8.49
  -----------------------------------------------------------
  slack (MET)                                         6.51


1
