 
****************************************
Report : area
Design : cam_A_8w16
Version: V-2023.12-SP3
Date   : Thu Apr 30 09:09:54 2026
****************************************

Library(s) Used:

    ssc_core (File: /home/foxxy/synopsys/syn/V-2023.12-SP3/doc/syn/dv_tutorial/risc_design/libs/core_typ.db)

Number of ports:                          152
Number of nets:                           379
Number of cells:                          235
Number of combinational cells:            235
Number of sequential cells:                 0
Number of macros/black boxes:               0
Number of buf/inv:                         35
Number of references:                       6

Combinational area:               8354.119961
Buf/Inv area:                      379.400005
Noncombinational area:               0.000000
Macro/Black Box area:                0.000000
Net Interconnect area:           28188.546440

Total cell area:                  8354.119961
Total area:                      36542.666401
1
