 
****************************************
Report : area
Design : cam_C1_16w32
Version: V-2023.12-SP3
Date   : Thu Apr 30 09:10:27 2026
****************************************

Library(s) Used:

    ssc_core (File: /home/foxxy/synopsys/syn/V-2023.12-SP3/doc/syn/dv_tutorial/risc_design/libs/core_typ.db)

Number of ports:                         1717
Number of nets:                          2546
Number of cells:                          934
Number of combinational cells:            901
Number of sequential cells:                 0
Number of macros/black boxes:               0
Number of buf/inv:                         99
Number of references:                      25

Combinational area:              34483.679779
Buf/Inv area:                     1073.160015
Noncombinational area:               0.000000
Macro/Black Box area:                0.000000
Net Interconnect area:          108796.328999

Total cell area:                 34483.679779
Total area:                     143280.008778
1
