Information: Updating design information... (UID-85)
 
****************************************
Report : timing
        -path full
        -delay max
        -max_paths 1
Design : cam_A_16w8
Version: V-2023.12-SP3
Date   : Thu Apr 30 09:09:58 2026
****************************************

Operating Conditions: nom_pvt   Library: ssc_core
Wire Load Model Mode: enclosed

  Startpoint: req_tag[5] (input port clocked by clk)
  Endpoint: hit[0] (output port clocked by clk)
  Path Group: clk
  Path Type: max

  Des/Clust/Port     Wire Load Model       Library
  ------------------------------------------------
  cam_A_16w8         5KGATES               ssc_core

  Point                                    Incr       Path
  -----------------------------------------------------------
  clock clk (rise edge)                    0.00       0.00
  clock network delay (ideal)              0.00       0.00
  input external delay                     5.00       5.00 f
  req_tag[5] (in)                          0.00       5.00 f
  U33/Y (inv1a3)                           0.90       5.90 r
  U214/Y (xor2a1)                          0.76       6.67 r
  U212/Y (and4a3)                          0.41       7.08 r
  U206/Y (and2a3)                          0.47       7.55 r
  hit[0] (out)                             0.00       7.55 r
  data arrival time                                   7.55

  clock clk (rise edge)                   20.00      20.00
  clock network delay (ideal)              0.00      20.00
  output external delay                   -5.00      15.00
  data required time                                 15.00
  -----------------------------------------------------------
  data required time                                 15.00
  data arrival time                                  -7.55
  -----------------------------------------------------------
  slack (MET)                                         7.45


1
