Information: Updating design information... (UID-85)
 
****************************************
Report : timing
        -path full
        -delay max
        -max_paths 1
Design : cam_C1_16w32
Version: V-2023.12-SP3
Date   : Thu Apr 30 09:10:27 2026
****************************************

Operating Conditions: nom_pvt   Library: ssc_core
Wire Load Model Mode: enclosed

  Startpoint: tags[32] (input port clocked by clk)
  Endpoint: way_enc[0] (output port clocked by clk)
  Path Group: clk
  Path Type: max

  Des/Clust/Port     Wire Load Model       Library
  ------------------------------------------------
  cam_C1_16w32       5KGATES               ssc_core
  cam_C1_16w32_DW01_cmp6_14
                     5KGATES               ssc_core
  cam_C1_16w32_DW01_inc_0
                     5KGATES               ssc_core

  Point                                                   Incr       Path
  --------------------------------------------------------------------------
  clock clk (rise edge)                                   0.00       0.00
  clock network delay (ideal)                             0.00       0.00
  input external delay                                    5.00       5.00 r
  tags[32] (in)                                           0.00       5.00 r
  eq_569/B[0] (cam_C1_16w32_DW01_cmp6_14)                 0.00       5.00 r
  eq_569/U3/Y (inv1a3)                                    0.10       5.10 f
  eq_569/U47/Y (or2a1)                                    0.53       5.63 f
  eq_569/U46/Y (and2a3)                                   0.24       5.86 f
  eq_569/U45/Y (oa1f1)                                    0.88       6.74 r
  eq_569/U44/Y (or4a3)                                    0.33       7.07 r
  eq_569/U6/Y (or4a3)                                     0.19       7.27 r
  eq_569/U1/Y (inv1a3)                                    0.23       7.50 f
  eq_569/EQ (cam_C1_16w32_DW01_cmp6_14)                   0.00       7.50 f
  U101/Y (inv1a3)                                         0.21       7.71 r
  add_584/A[1] (cam_C1_16w32_DW01_inc_0)                  0.00       7.71 r
  add_584/U1_1_1/CO (ha1a3)                               0.25       7.96 r
  add_584/U1_1_2/CO (ha1a3)                               0.23       8.20 r
  add_584/U1_1_3/CO (ha1a3)                               0.23       8.43 r
  add_584/U1_1_4/CO (ha1a3)                               0.23       8.66 r
  add_584/U1_1_5/CO (ha1a3)                               0.23       8.89 r
  add_584/U1_1_6/CO (ha1a3)                               0.23       9.13 r
  add_584/U1_1_7/CO (ha1a3)                               0.23       9.36 r
  add_584/U1_1_8/CO (ha1a3)                               0.23       9.59 r
  add_584/U1_1_9/CO (ha1a3)                               0.23       9.82 r
  add_584/U1_1_10/CO (ha1a3)                              0.23      10.06 r
  add_584/U1_1_11/CO (ha1a3)                              0.23      10.29 r
  add_584/U1_1_12/CO (ha1a3)                              0.23      10.52 r
  add_584/U1_1_13/CO (ha1a3)                              0.23      10.75 r
  add_584/U1_1_14/CO (ha1a3)                              0.22      10.98 r
  add_584/U1/Y (xor2a1)                                   0.84      11.82 r
  add_584/SUM[15] (cam_C1_16w32_DW01_inc_0)               0.00      11.82 r
  U41/Y (ao1a3)                                           0.33      12.15 r
  U115/Y (or3a2)                                          0.39      12.54 r
  U39/Y (ao1a3)                                           0.22      12.76 r
  U38/Y (or2a3)                                           0.40      13.16 r
  way_enc[0] (out)                                        0.00      13.16 r
  data arrival time                                                 13.16

  clock clk (rise edge)                                  20.00      20.00
  clock network delay (ideal)                             0.00      20.00
  output external delay                                  -5.00      15.00
  data required time                                                15.00
  --------------------------------------------------------------------------
  data required time                                                15.00
  data arrival time                                                -13.16
  --------------------------------------------------------------------------
  slack (MET)                                                        1.84


1
