Information: Updating design information... (UID-85)
 
****************************************
Report : timing
        -path full
        -delay max
        -max_paths 1
Design : cam_B_2w16
Version: V-2023.12-SP3
Date   : Thu Apr 30 09:10:05 2026
****************************************

Operating Conditions: nom_pvt   Library: ssc_core
Wire Load Model Mode: enclosed

  Startpoint: tags[0] (input port clocked by clk)
  Endpoint: any_hit (output port clocked by clk)
  Path Group: clk
  Path Type: max

  Des/Clust/Port     Wire Load Model       Library
  ------------------------------------------------
  cam_B_2w16         5KGATES               ssc_core

  Point                                    Incr       Path
  -----------------------------------------------------------
  clock clk (rise edge)                    0.00       0.00
  clock network delay (ideal)              0.00       0.00
  input external delay                     5.00       5.00 r
  tags[0] (in)                             0.00       5.00 r
  U9/Y (inv1a3)                            0.10       5.10 f
  U30/Y (or2a1)                            0.53       5.63 f
  U31/Y (and2a3)                           0.24       5.86 f
  U32/Y (oa1f1)                            0.88       6.74 r
  U33/Y (or4a3)                            0.33       7.07 r
  U39/Y (or4a3)                            0.20       7.27 r
  U6/Y (inv1a3)                            0.36       7.63 f
  U3/Y (or2a3)                             0.40       8.04 f
  any_hit (out)                            0.00       8.04 f
  data arrival time                                   8.04

  clock clk (rise edge)                   20.00      20.00
  clock network delay (ideal)              0.00      20.00
  output external delay                   -5.00      15.00
  data required time                                 15.00
  -----------------------------------------------------------
  data required time                                 15.00
  data arrival time                                  -8.04
  -----------------------------------------------------------
  slack (MET)                                         6.96


1
