Information: Updating design information... (UID-85)
 
****************************************
Report : timing
        -path full
        -delay max
        -max_paths 1
Design : cam_C2_8w32
Version: V-2023.12-SP3
Date   : Thu Apr 30 09:10:31 2026
****************************************

Operating Conditions: nom_pvt   Library: ssc_core
Wire Load Model Mode: enclosed

  Startpoint: tags[224] (input port clocked by clk)
  Endpoint: way_enc[0] (output port clocked by clk)
  Path Group: clk
  Path Type: max

  Des/Clust/Port     Wire Load Model       Library
  ------------------------------------------------
  cam_C2_8w32        5KGATES               ssc_core
  cam_C2_8w32_DW01_cmp6_0
                     5KGATES               ssc_core

  Point                                                   Incr       Path
  --------------------------------------------------------------------------
  clock clk (rise edge)                                   0.00       0.00
  clock network delay (ideal)                             0.00       0.00
  input external delay                                    5.00       5.00 f
  tags[224] (in)                                          0.00       5.00 f
  eq_645/B[0] (cam_C2_8w32_DW01_cmp6_0)                   0.00       5.00 f
  eq_645/U3/Y (inv1a3)                                    0.14       5.14 r
  eq_645/U47/Y (or2a1)                                    0.73       5.87 r
  eq_645/U46/Y (and2a3)                                   0.35       6.22 r
  eq_645/U45/Y (oa1f1)                                    0.32       6.54 f
  eq_645/U44/Y (or4a3)                                    0.30       6.84 f
  eq_645/U6/Y (or4a3)                                     0.27       7.11 f
  eq_645/U1/Y (inv1a3)                                    0.20       7.31 r
  eq_645/EQ (cam_C2_8w32_DW01_cmp6_0)                     0.00       7.31 r
  U50/Y (inv1a3)                                          0.17       7.48 f
  U49/Y (ao1f3)                                           0.27       7.75 r
  U48/Y (and2a3)                                          0.27       8.02 r
  U46/Y (ao1f3)                                           0.19       8.21 f
  U45/Y (oa1f3)                                           0.69       8.90 r
  way_enc[0] (out)                                        0.00       8.90 r
  data arrival time                                                  8.90

  clock clk (rise edge)                                  20.00      20.00
  clock network delay (ideal)                             0.00      20.00
  output external delay                                  -5.00      15.00
  data required time                                                15.00
  --------------------------------------------------------------------------
  data required time                                                15.00
  data arrival time                                                 -8.90
  --------------------------------------------------------------------------
  slack (MET)                                                        6.10


1
