 
****************************************
Report : area
Design : cam_C3_4w32
Version: V-2023.12-SP3
Date   : Thu Apr 30 09:10:34 2026
****************************************

Library(s) Used:

    ssc_core (File: /home/foxxy/synopsys/syn/V-2023.12-SP3/doc/syn/dv_tutorial/risc_design/libs/core_typ.db)

Number of ports:                          447
Number of nets:                           640
Number of cells:                          224
Number of combinational cells:            216
Number of sequential cells:                 0
Number of macros/black boxes:               0
Number of buf/inv:                         23
Number of references:                      10

Combinational area:               8240.289955
Buf/Inv area:                      249.320004
Noncombinational area:               0.000000
Macro/Black Box area:                0.000000
Net Interconnect area:           27183.175800

Total cell area:                  8240.289955
Total area:                      35423.465755
1
