 
****************************************
Report : area
Design : cam_E2_8w32
Version: V-2023.12-SP3
Date   : Thu Apr 30 09:10:47 2026
****************************************

Library(s) Used:

    ssc_core (File: /home/foxxy/synopsys/syn/V-2023.12-SP3/doc/syn/dv_tutorial/risc_design/libs/core_typ.db)

Number of ports:                          296
Number of nets:                           664
Number of cells:                          376
Number of combinational cells:            376
Number of sequential cells:                 0
Number of macros/black boxes:               0
Number of buf/inv:                         32
Number of references:                       4

Combinational area:              15516.079910
Buf/Inv area:                      346.880005
Noncombinational area:               0.000000
Macro/Black Box area:                0.000000
Net Interconnect area:           47952.339691

Total cell area:                 15516.079910
Total area:                      63468.419601
1
