 
****************************************
Report : area
Design : cam_C3_32w32
Version: V-2023.12-SP3
Date   : Mon May  4 03:00:13 2026
****************************************

Library(s) Used:

    ssc_core (File: /home/foxxy/synopsys/syn/V-2023.12-SP3/doc/syn/dv_tutorial/risc_design/libs/core_typ.db)

Number of ports:                         3334
Number of nets:                          4901
Number of cells:                         1797
Number of combinational cells:           1733
Number of sequential cells:                 0
Number of macros/black boxes:               0
Number of buf/inv:                        167
Number of references:                      51

Combinational area:              66767.459625
Buf/Inv area:                     1880.710022
Noncombinational area:               0.000000
Macro/Black Box area:                0.000000
Net Interconnect area:          209816.941067

Total cell area:                 66767.459625
Total area:                     276584.400692
1
