 
****************************************
Report : area
Design : cam_C2_32w32
Version: V-2023.12-SP3
Date   : Mon May  4 03:00:11 2026
****************************************

Library(s) Used:

    ssc_core (File: /home/foxxy/synopsys/syn/V-2023.12-SP3/doc/syn/dv_tutorial/risc_design/libs/core_typ.db)

Number of ports:                         3334
Number of nets:                          4911
Number of cells:                         1807
Number of combinational cells:           1743
Number of sequential cells:                 0
Number of macros/black boxes:               0
Number of buf/inv:                        185
Number of references:                      41

Combinational area:              66447.869621
Buf/Inv area:                     2005.400028
Noncombinational area:               0.000000
Macro/Black Box area:                0.000000
Net Interconnect area:          210325.989365

Total cell area:                 66447.869621
Total area:                     276773.858986
1
