 
****************************************
Report : area
Design : counter8_find
Version: V-2023.12-SP3
Date   : Thu Apr 30 09:20:34 2026
****************************************

Library(s) Used:

    ssc_core (File: /home/foxxy/synopsys/syn/V-2023.12-SP3/doc/syn/dv_tutorial/risc_design/libs/core_typ.db)

Number of ports:                           36
Number of nets:                           431
Number of cells:                          399
Number of combinational cells:            398
Number of sequential cells:                 0
Number of macros/black boxes:               0
Number of buf/inv:                         68
Number of references:                      13

Combinational area:              10684.499968
Buf/Inv area:                      747.940010
Noncombinational area:               0.000000
Macro/Black Box area:                0.000000
Net Interconnect area:           42683.722542

Total cell area:                 10684.499968
Total area:                      53368.222509
1
