Information: Updating design information... (UID-85)
 
****************************************
Report : timing
        -path full
        -delay max
        -max_paths 1
Design : counter16_update
Version: V-2023.12-SP3
Date   : Thu Apr 30 09:20:11 2026
****************************************

Operating Conditions: nom_pvt   Library: ssc_core
Wire Load Model Mode: enclosed

  Startpoint: access_way[3]
              (input port clocked by clk)
  Endpoint: new_cnt8[0]
            (output port clocked by clk)
  Path Group: clk
  Path Type: max

  Des/Clust/Port     Wire Load Model       Library
  ------------------------------------------------
  counter16_update   5KGATES               ssc_core

  Point                                    Incr       Path
  -----------------------------------------------------------
  clock clk (rise edge)                    0.00       0.00
  clock network delay (ideal)              0.00       0.00
  input external delay                     5.00       5.00 f
  access_way[3] (in)                       0.00       5.00 f
  U145/Y (inv1a3)                          0.11       5.11 r
  U99/Y (or2a3)                            0.24       5.35 r
  U98/Y (or2a3)                            0.34       5.69 r
  U14/Y (or2a3)                            0.26       5.96 r
  U131/Y (inv1a3)                          0.29       6.24 f
  U13/Y (or2a3)                            0.39       6.63 f
  new_cnt8[0] (out)                        0.00       6.63 f
  data arrival time                                   6.63

  clock clk (rise edge)                   20.00      20.00
  clock network delay (ideal)              0.00      20.00
  output external delay                   -5.00      15.00
  data required time                                 15.00
  -----------------------------------------------------------
  data required time                                 15.00
  data arrival time                                  -6.63
  -----------------------------------------------------------
  slack (MET)                                         8.37


1
