 
****************************************
Report : area
Design : counter8_update
Version: V-2023.12-SP3
Date   : Thu Apr 30 09:20:36 2026
****************************************

Library(s) Used:

    ssc_core (File: /home/foxxy/synopsys/syn/V-2023.12-SP3/doc/syn/dv_tutorial/risc_design/libs/core_typ.db)

Number of ports:                           69
Number of nets:                            89
Number of cells:                           53
Number of combinational cells:             53
Number of sequential cells:                 0
Number of macros/black boxes:               0
Number of buf/inv:                         11
Number of references:                       4

Combinational area:               1257.019993
Buf/Inv area:                      119.240002
Noncombinational area:               0.000000
Macro/Black Box area:                0.000000
Net Interconnect area:            6833.974064

Total cell area:                  1257.019993
Total area:                       8090.994057
1
