Information: Updating design information... (UID-85)
 
****************************************
Report : timing
        -path full
        -delay max
        -max_paths 1
Design : counter4_update
Version: V-2023.12-SP3
Date   : Thu Apr 30 09:20:32 2026
****************************************

Operating Conditions: nom_pvt   Library: ssc_core
Wire Load Model Mode: enclosed

  Startpoint: access_way[0]
              (input port clocked by clk)
  Endpoint: new_cnt1[0]
            (output port clocked by clk)
  Path Group: clk
  Path Type: max

  Des/Clust/Port     Wire Load Model       Library
  ------------------------------------------------
  counter4_update    5KGATES               ssc_core

  Point                                    Incr       Path
  -----------------------------------------------------------
  clock clk (rise edge)                    0.00       0.00
  clock network delay (ideal)              0.00       0.00
  input external delay                     5.00       5.00 f
  access_way[0] (in)                       0.00       5.00 f
  U33/Y (inv1a3)                           0.15       5.15 r
  U31/Y (or3a2)                            0.39       5.54 r
  U27/Y (inv1a3)                           0.26       5.80 f
  U13/Y (or2a3)                            0.38       6.17 f
  new_cnt1[0] (out)                        0.00       6.18 f
  data arrival time                                   6.18

  clock clk (rise edge)                   20.00      20.00
  clock network delay (ideal)              0.00      20.00
  output external delay                   -5.00      15.00
  data required time                                 15.00
  -----------------------------------------------------------
  data required time                                 15.00
  data arrival time                                  -6.18
  -----------------------------------------------------------
  slack (MET)                                         8.82


1
