Information: Updating design information... (UID-85)
 
****************************************
Report : timing
        -path full
        -delay max
        -max_paths 1
Design : counter16_find
Version: V-2023.12-SP3
Date   : Thu Apr 30 09:20:09 2026
****************************************

Operating Conditions: nom_pvt   Library: ssc_core
Wire Load Model Mode: enclosed

  Startpoint: cnt4[1] (input port clocked by clk)
  Endpoint: min_way[2] (output port clocked by clk)
  Path Group: clk
  Path Type: max

  Des/Clust/Port     Wire Load Model       Library
  ------------------------------------------------
  counter16_find     5KGATES               ssc_core

  Point                                    Incr       Path
  -----------------------------------------------------------
  clock clk (rise edge)                    0.00       0.00
  clock network delay (ideal)              0.00       0.00
  input external delay                     5.00       5.00 r
  cnt4[1] (in)                             0.00       5.00 r
  U541/Y (inv1a3)                          0.08       5.08 f
  U465/Y (inv1a3)                          0.29       5.37 r
  U384/Y (and2a3)                          0.96       6.33 r
  U464/Y (inv1a3)                          0.85       7.17 f
  U1297/Y (and2a3)                         0.29       7.47 f
  U1296/Y (oa1f1)                          0.80       8.27 r
  U1292/Y (oa1f1)                          0.81       9.07 f
  U1289/Y (oa1f1)                          0.99      10.06 r
  U1286/Y (oa1f1)                          0.86      10.92 f
  U1266/Y (or4a3)                          0.32      11.24 f
  U1265/Y (or4a3)                          0.25      11.49 f
  U1188/Y (ao1f1)                          0.96      12.45 r
  U1187/Y (inv1a1)                         0.69      13.14 f
  U387/Y (and3a3)                          0.28      13.43 f
  U746/Y (ao1f1)                           0.49      13.92 r
  U454/Y (or3a2)                           0.81      14.73 r
  min_way[2] (out)                         0.00      14.73 r
  data arrival time                                  14.73

  clock clk (rise edge)                   20.00      20.00
  clock network delay (ideal)              0.00      20.00
  output external delay                   -5.00      15.00
  data required time                                 15.00
  -----------------------------------------------------------
  data required time                                 15.00
  data arrival time                                 -14.73
  -----------------------------------------------------------
  slack (MET)                                         0.27


1
