Information: Updating design information... (UID-85)
 
****************************************
Report : timing
        -path full
        -delay max
        -max_paths 1
Design : counter32_update
Version: V-2023.12-SP3
Date   : Thu Apr 30 09:20:28 2026
****************************************

Operating Conditions: nom_pvt   Library: ssc_core
Wire Load Model Mode: enclosed

  Startpoint: access_way[0]
              (input port clocked by clk)
  Endpoint: new_cnt25[0]
            (output port clocked by clk)
  Path Group: clk
  Path Type: max

  Des/Clust/Port     Wire Load Model       Library
  ------------------------------------------------
  counter32_update   5KGATES               ssc_core

  Point                                    Incr       Path
  -----------------------------------------------------------
  clock clk (rise edge)                    0.00       0.00
  clock network delay (ideal)              0.00       0.00
  input external delay                     5.00       5.00 f
  access_way[0] (in)                       0.00       5.00 f
  U283/Y (inv1a3)                          0.24       5.24 r
  U278/Y (or3a2)                           0.59       5.83 r
  U91/Y (or2a3)                            0.25       6.08 r
  U276/Y (inv1a3)                          0.30       6.39 f
  U90/Y (or2a3)                            0.39       6.78 f
  new_cnt25[0] (out)                       0.00       6.78 f
  data arrival time                                   6.78

  clock clk (rise edge)                   20.00      20.00
  clock network delay (ideal)              0.00      20.00
  output external delay                   -5.00      15.00
  data required time                                 15.00
  -----------------------------------------------------------
  data required time                                 15.00
  data arrival time                                  -6.78
  -----------------------------------------------------------
  slack (MET)                                         8.22


1
