 
****************************************
Report : area
Design : counter4_find
Version: V-2023.12-SP3
Date   : Thu Apr 30 09:20:30 2026
****************************************

Library(s) Used:

    ssc_core (File: /home/foxxy/synopsys/syn/V-2023.12-SP3/doc/syn/dv_tutorial/risc_design/libs/core_typ.db)

Number of ports:                           15
Number of nets:                            69
Number of cells:                           57
Number of combinational cells:             56
Number of sequential cells:                 0
Number of macros/black boxes:               0
Number of buf/inv:                         13
Number of references:                       8

Combinational area:               1311.199999
Buf/Inv area:                      140.920002
Noncombinational area:               0.000000
Macro/Black Box area:                0.000000
Net Interconnect area:            6006.772961

Total cell area:                  1311.199999
Total area:                       7317.972960
1
