 
****************************************
Report : area
Design : counter32_update
Version: V-2023.12-SP3
Date   : Thu Apr 30 09:20:28 2026
****************************************

Library(s) Used:

    ssc_core (File: /home/foxxy/synopsys/syn/V-2023.12-SP3/doc/syn/dv_tutorial/risc_design/libs/core_typ.db)

Number of ports:                          326
Number of nets:                           409
Number of cells:                          244
Number of combinational cells:            244
Number of sequential cells:                 0
Number of macros/black boxes:               0
Number of buf/inv:                         37
Number of references:                       3

Combinational area:               6019.550034
Buf/Inv area:                      401.080006
Noncombinational area:               0.000000
Macro/Black Box area:                0.000000
Net Interconnect area:           31217.388405

Total cell area:                  6019.550034
Total area:                      37236.938438
1
