 
****************************************
Report : area
Design : hamming16_decode
Version: V-2023.12-SP3
Date   : Thu Apr 30 09:09:22 2026
****************************************

Library(s) Used:

    ssc_core (File: /home/foxxy/synopsys/syn/V-2023.12-SP3/doc/syn/dv_tutorial/risc_design/libs/core_typ.db)

Number of ports:                           40
Number of nets:                           112
Number of cells:                           90
Number of combinational cells:             90
Number of sequential cells:                 0
Number of macros/black boxes:               0
Number of buf/inv:                          7
Number of references:                       5

Combinational area:               3131.399994
Buf/Inv area:                       75.880001
Noncombinational area:               0.000000
Macro/Black Box area:                0.000000
Net Interconnect area:            9391.944622

Total cell area:                  3131.399994
Total area:                      12523.344616
1
