Information: Updating design information... (UID-85)
 
****************************************
Report : timing
        -path full
        -delay max
        -max_paths 1
Design : hamming8_decode
Version: V-2023.12-SP3
Date   : Thu Apr 30 09:09:20 2026
****************************************

Operating Conditions: nom_pvt   Library: ssc_core
Wire Load Model Mode: enclosed

  Startpoint: code[10] (input port clocked by clk)
  Endpoint: dout[2] (output port clocked by clk)
  Path Group: clk
  Path Type: max

  Des/Clust/Port     Wire Load Model       Library
  ------------------------------------------------
  hamming8_decode    5KGATES               ssc_core

  Point                                    Incr       Path
  -----------------------------------------------------------
  clock clk (rise edge)                    0.00       0.00
  clock network delay (ideal)              0.00       0.00
  input external delay                     5.00       5.00 f
  code[10] (in)                            0.00       5.00 f
  U63/Y (inv1a3)                           0.25       5.25 r
  U43/Y (xor2a6)                           0.28       5.54 r
  U41/Y (xor2a6)                           0.27       5.81 r
  U30/Y (xor2a6)                           0.31       6.11 f
  U55/Y (inv1a3)                           0.29       6.40 r
  U56/Y (or4a3)                            0.25       6.65 r
  U52/Y (and2a3)                           0.64       7.28 r
  U54/Y (and3a3)                           0.41       7.70 r
  U64/Y (and3a3)                           0.27       7.96 r
  U13/Y (xor2a6)                           0.34       8.30 f
  dout[2] (out)                            0.00       8.30 f
  data arrival time                                   8.30

  clock clk (rise edge)                   20.00      20.00
  clock network delay (ideal)              0.00      20.00
  output external delay                   -5.00      15.00
  data required time                                 15.00
  -----------------------------------------------------------
  data required time                                 15.00
  data arrival time                                  -8.30
  -----------------------------------------------------------
  slack (MET)                                         6.70


1
