Information: Updating design information... (UID-85)
 
****************************************
Report : timing
        -path full
        -delay max
        -max_paths 1
Design : hamming64_syndrome
Version: V-2023.12-SP3
Date   : Thu Apr 30 09:09:26 2026
****************************************

Operating Conditions: nom_pvt   Library: ssc_core
Wire Load Model Mode: enclosed

  Startpoint: code[55] (input port clocked by clk)
  Endpoint: syn[0] (output port clocked by clk)
  Path Group: clk
  Path Type: max

  Des/Clust/Port     Wire Load Model       Library
  ------------------------------------------------
  hamming64_syndrome 5KGATES               ssc_core

  Point                                    Incr       Path
  -----------------------------------------------------------
  clock clk (rise edge)                    0.00       0.00
  clock network delay (ideal)              0.00       0.00
  input external delay                     5.00       5.00 f
  code[55] (in)                            0.00       5.00 f
  U75/Y (xor2a6)                           0.26       5.26 f
  U74/Y (xor2a6)                           0.27       5.53 f
  U73/Y (xor2a6)                           0.27       5.79 f
  U72/Y (xor2a6)                           0.31       6.10 r
  U71/Y (xor2a6)                           0.24       6.34 f
  U70/Y (xor2a6)                           0.31       6.65 r
  U69/Y (xor2a6)                           0.24       6.89 f
  U68/Y (xor2a6)                           0.31       7.20 r
  U59/Y (xor2a6)                           0.24       7.44 f
  U58/Y (xor2a6)                           0.26       7.70 f
  U57/Y (xor2a6)                           0.26       7.96 f
  U56/Y (xor2a6)                           0.39       8.35 r
  syn[0] (out)                             0.00       8.35 r
  data arrival time                                   8.35

  clock clk (rise edge)                   20.00      20.00
  clock network delay (ideal)              0.00      20.00
  output external delay                   -5.00      15.00
  data required time                                 15.00
  -----------------------------------------------------------
  data required time                                 15.00
  data arrival time                                  -8.35
  -----------------------------------------------------------
  slack (MET)                                         6.65


1
