Information: Updating design information... (UID-85)
 
****************************************
Report : timing
        -path full
        -delay max
        -max_paths 1
Design : hamming16_syndrome
Version: V-2023.12-SP3
Date   : Thu Apr 30 09:09:23 2026
****************************************

Operating Conditions: nom_pvt   Library: ssc_core
Wire Load Model Mode: enclosed

  Startpoint: code[11] (input port clocked by clk)
  Endpoint: perr (output port clocked by clk)
  Path Group: clk
  Path Type: max

  Des/Clust/Port     Wire Load Model       Library
  ------------------------------------------------
  hamming16_syndrome 5KGATES               ssc_core

  Point                                    Incr       Path
  -----------------------------------------------------------
  clock clk (rise edge)                    0.00       0.00
  clock network delay (ideal)              0.00       0.00
  input external delay                     5.00       5.00 f
  code[11] (in)                            0.00       5.00 f
  U25/Y (xor2a6)                           0.33       5.33 r
  U24/Y (xor2a6)                           0.28       5.61 r
  U23/Y (xor2a6)                           0.27       5.88 f
  U19/Y (xor2a6)                           0.25       6.13 f
  U18/Y (xor2a6)                           0.26       6.39 f
  U17/Y (xor2a6)                           0.39       6.78 r
  perr (out)                               0.00       6.78 r
  data arrival time                                   6.78

  clock clk (rise edge)                   20.00      20.00
  clock network delay (ideal)              0.00      20.00
  output external delay                   -5.00      15.00
  data required time                                 15.00
  -----------------------------------------------------------
  data required time                                 15.00
  data arrival time                                  -6.78
  -----------------------------------------------------------
  slack (MET)                                         8.22


1
