Information: Updating design information... (UID-85)
 
****************************************
Report : timing
        -path full
        -delay max
        -max_paths 1
Design : hamming8_syndrome
Version: V-2023.12-SP3
Date   : Thu Apr 30 09:09:21 2026
****************************************

Operating Conditions: nom_pvt   Library: ssc_core
Wire Load Model Mode: enclosed

  Startpoint: code[9] (input port clocked by clk)
  Endpoint: perr (output port clocked by clk)
  Path Group: clk
  Path Type: max

  Des/Clust/Port     Wire Load Model       Library
  ------------------------------------------------
  hamming8_syndrome  5KGATES               ssc_core

  Point                                    Incr       Path
  -----------------------------------------------------------
  clock clk (rise edge)                    0.00       0.00
  clock network delay (ideal)              0.00       0.00
  input external delay                     5.00       5.00 f
  code[9] (in)                             0.00       5.00 f
  U12/Y (xor2a6)                           0.30       5.30 r
  U11/Y (xor2a6)                           0.27       5.58 r
  U10/Y (xor2a6)                           0.25       5.83 f
  U9/Y (xor2a6)                            0.39       6.22 r
  perr (out)                               0.00       6.22 r
  data arrival time                                   6.22

  clock clk (rise edge)                   20.00      20.00
  clock network delay (ideal)              0.00      20.00
  output external delay                   -5.00      15.00
  data required time                                 15.00
  -----------------------------------------------------------
  data required time                                 15.00
  data arrival time                                  -6.22
  -----------------------------------------------------------
  slack (MET)                                         8.78


1
