Information: Updating design information... (UID-85)
 
****************************************
Report : timing
        -path full
        -delay max
        -max_paths 1
Design : hamming64_decode
Version: V-2023.12-SP3
Date   : Thu Apr 30 09:09:26 2026
****************************************

Operating Conditions: nom_pvt   Library: ssc_core
Wire Load Model Mode: enclosed

  Startpoint: code[31] (input port clocked by clk)
  Endpoint: dout[42] (output port clocked by clk)
  Path Group: clk
  Path Type: max

  Des/Clust/Port     Wire Load Model       Library
  ------------------------------------------------
  hamming64_decode   5KGATES               ssc_core

  Point                                    Incr       Path
  -----------------------------------------------------------
  clock clk (rise edge)                    0.00       0.00
  clock network delay (ideal)              0.00       0.00
  input external delay                     5.00       5.00 f
  code[31] (in)                            0.00       5.00 f
  U242/Y (xor2a6)                          0.23       5.23 f
  U241/Y (xor2a6)                          0.31       5.54 r
  U240/Y (xor2a6)                          0.24       5.78 f
  U239/Y (xor2a6)                          0.31       6.09 r
  U238/Y (xor2a6)                          0.26       6.35 f
  U236/Y (xor2a6)                          0.25       6.60 f
  U235/Y (xor2a6)                          0.28       6.88 f
  U231/Y (xor2a6)                          0.25       7.14 f
  U165/Y (xor2a6)                          0.26       7.40 f
  U164/Y (xor2a6)                          0.26       7.66 f
  U163/Y (xor2a6)                          0.26       7.91 f
  U162/Y (xor2a6)                          0.33       8.25 f
  U339/Y (and3a3)                          0.21       8.45 f
  U338/Y (and3a3)                          0.19       8.65 f
  U337/Y (inv1a3)                          0.17       8.82 r
  U314/Y (and2a3)                          0.59       9.41 r
  U335/Y (and3a3)                          0.35       9.76 r
  U316/Y (and2a3)                          0.77      10.53 r
  U317/Y (and2a3)                          0.41      10.93 r
  U359/Y (and2a3)                          0.26      11.20 r
  U58/Y (xor2a6)                           0.34      11.53 f
  dout[42] (out)                           0.00      11.53 f
  data arrival time                                  11.53

  clock clk (rise edge)                   20.00      20.00
  clock network delay (ideal)              0.00      20.00
  output external delay                   -5.00      15.00
  data required time                                 15.00
  -----------------------------------------------------------
  data required time                                 15.00
  data arrival time                                 -11.53
  -----------------------------------------------------------
  slack (MET)                                         3.47


1
