 
****************************************
Report : area
Design : hamming8_decode
Version: V-2023.12-SP3
Date   : Thu Apr 30 09:09:20 2026
****************************************

Library(s) Used:

    ssc_core (File: /home/foxxy/synopsys/syn/V-2023.12-SP3/doc/syn/dv_tutorial/risc_design/libs/core_typ.db)

Number of ports:                           23
Number of nets:                            62
Number of cells:                           49
Number of combinational cells:             49
Number of sequential cells:                 0
Number of macros/black boxes:               0
Number of buf/inv:                          6
Number of references:                       6

Combinational area:               1744.509989
Buf/Inv area:                       65.040001
Noncombinational area:               0.000000
Macro/Black Box area:                0.000000
Net Interconnect area:            5268.652073

Total cell area:                  1744.509989
Total area:                       7013.162062
1
