 
****************************************
Report : area
Design : hamming64_encode
Version: V-2023.12-SP3
Date   : Thu Apr 30 09:09:25 2026
****************************************

Library(s) Used:

    ssc_core (File: /home/foxxy/synopsys/syn/V-2023.12-SP3/doc/syn/dv_tutorial/risc_design/libs/core_typ.db)

Number of ports:                           72
Number of nets:                           214
Number of cells:                          150
Number of combinational cells:            150
Number of sequential cells:                 0
Number of macros/black boxes:               0
Number of buf/inv:                          3
Number of references:                       2

Combinational area:               6403.500023
Buf/Inv area:                       32.520000
Noncombinational area:               0.000000
Macro/Black Box area:                0.000000
Net Interconnect area:           15933.211903

Total cell area:                  6403.500023
Total area:                      22336.711926
1
