Information: Updating design information... (UID-85)
 
****************************************
Report : timing
        -path full
        -delay max
        -max_paths 1
Design : hamming16_encode
Version: V-2023.12-SP3
Date   : Thu Apr 30 09:09:22 2026
****************************************

Operating Conditions: nom_pvt   Library: ssc_core
Wire Load Model Mode: enclosed

  Startpoint: d[4] (input port clocked by clk)
  Endpoint: ck[0] (output port clocked by clk)
  Path Group: clk
  Path Type: max

  Des/Clust/Port     Wire Load Model       Library
  ------------------------------------------------
  hamming16_encode   5KGATES               ssc_core

  Point                                    Incr       Path
  -----------------------------------------------------------
  clock clk (rise edge)                    0.00       0.00
  clock network delay (ideal)              0.00       0.00
  input external delay                     5.00       5.00 f
  d[4] (in)                                0.00       5.00 f
  U30/Y (xor2a6)                           0.26       5.26 f
  U29/Y (xor2a6)                           0.31       5.57 r
  U28/Y (xor2a6)                           0.24       5.81 f
  U27/Y (xor2a6)                           0.26       6.07 f
  U26/Y (xor2a6)                           0.39       6.46 r
  ck[0] (out)                              0.00       6.46 r
  data arrival time                                   6.46

  clock clk (rise edge)                   20.00      20.00
  clock network delay (ideal)              0.00      20.00
  output external delay                   -5.00      15.00
  data required time                                 15.00
  -----------------------------------------------------------
  data required time                                 15.00
  data arrival time                                  -6.46
  -----------------------------------------------------------
  slack (MET)                                         8.54


1
