Information: Updating design information... (UID-85)
 
****************************************
Report : timing
        -path full
        -delay max
        -max_paths 1
Design : hamming32_encode
Version: V-2023.12-SP3
Date   : Thu Apr 30 09:09:23 2026
****************************************

Operating Conditions: nom_pvt   Library: ssc_core
Wire Load Model Mode: enclosed

  Startpoint: d[21] (input port clocked by clk)
  Endpoint: ck[1] (output port clocked by clk)
  Path Group: clk
  Path Type: max

  Des/Clust/Port     Wire Load Model       Library
  ------------------------------------------------
  hamming32_encode   5KGATES               ssc_core

  Point                                    Incr       Path
  -----------------------------------------------------------
  clock clk (rise edge)                    0.00       0.00
  clock network delay (ideal)              0.00       0.00
  input external delay                     5.00       5.00 f
  d[21] (in)                               0.00       5.00 f
  U63/Y (xor2a6)                           0.28       5.28 f
  U62/Y (xor2a6)                           0.25       5.53 f
  U61/Y (xor2a6)                           0.31       5.85 r
  U58/Y (xor2a6)                           0.24       6.09 r
  U47/Y (xor2a6)                           0.24       6.33 f
  U46/Y (xor2a6)                           0.26       6.59 f
  U45/Y (xor2a6)                           0.26       6.85 f
  U44/Y (xor2a6)                           0.25       7.10 f
  U76/Y (inv1a3)                           0.35       7.45 r
  ck[1] (out)                              0.00       7.45 r
  data arrival time                                   7.45

  clock clk (rise edge)                   20.00      20.00
  clock network delay (ideal)              0.00      20.00
  output external delay                   -5.00      15.00
  data required time                                 15.00
  -----------------------------------------------------------
  data required time                                 15.00
  data arrival time                                  -7.45
  -----------------------------------------------------------
  slack (MET)                                         7.55


1
