 
****************************************
Report : area
Design : hamming32_syndrome
Version: V-2023.12-SP3
Date   : Thu Apr 30 09:09:24 2026
****************************************

Library(s) Used:

    ssc_core (File: /home/foxxy/synopsys/syn/V-2023.12-SP3/doc/syn/dv_tutorial/risc_design/libs/core_typ.db)

Number of ports:                           46
Number of nets:                           109
Number of cells:                           70
Number of combinational cells:             70
Number of sequential cells:                 0
Number of macros/black boxes:               0
Number of buf/inv:                          0
Number of references:                       1

Combinational area:               3033.800011
Buf/Inv area:                        0.000000
Noncombinational area:               0.000000
Macro/Black Box area:                0.000000
Net Interconnect area:            7902.974178

Total cell area:                  3033.800011
Total area:                      10936.774189
1
