 
****************************************
Report : area
Design : hamming64_decode
Version: V-2023.12-SP3
Date   : Thu Apr 30 09:09:26 2026
****************************************

Library(s) Used:

    ssc_core (File: /home/foxxy/synopsys/syn/V-2023.12-SP3/doc/syn/dv_tutorial/risc_design/libs/core_typ.db)

Number of ports:                          138
Number of nets:                           384
Number of cells:                          312
Number of combinational cells:            312
Number of sequential cells:                 0
Number of macros/black boxes:               0
Number of buf/inv:                         14
Number of references:                       5

Combinational area:              11035.560024
Buf/Inv area:                      151.760002
Noncombinational area:               0.000000
Macro/Black Box area:                0.000000
Net Interconnect area:           32120.957298

Total cell area:                 11035.560024
Total area:                      43156.517323
1
