 
****************************************
Report : area
Design : hamming32_encode
Version: V-2023.12-SP3
Date   : Thu Apr 30 09:09:23 2026
****************************************

Library(s) Used:

    ssc_core (File: /home/foxxy/synopsys/syn/V-2023.12-SP3/doc/syn/dv_tutorial/risc_design/libs/core_typ.db)

Number of ports:                           39
Number of nets:                           106
Number of cells:                           74
Number of combinational cells:             74
Number of sequential cells:                 0
Number of macros/black boxes:               0
Number of buf/inv:                          3
Number of references:                       2

Combinational area:               3109.660011
Buf/Inv area:                       32.520000
Noncombinational area:               0.000000
Macro/Black Box area:                0.000000
Net Interconnect area:            7915.701199

Total cell area:                  3109.660011
Total area:                      11025.361210
1
