 
****************************************
Report : area
Design : line064_bytesel
Version: V-2023.12-SP3
Date   : Thu Apr 30 09:16:59 2026
****************************************

Library(s) Used:

    ssc_core (File: /home/foxxy/synopsys/syn/V-2023.12-SP3/doc/syn/dv_tutorial/risc_design/libs/core_typ.db)

Number of ports:                           75
Number of nets:                           162
Number of cells:                           95
Number of combinational cells:             95
Number of sequential cells:                 0
Number of macros/black boxes:               0
Number of buf/inv:                          3
Number of references:                       4

Combinational area:               2329.680012
Buf/Inv area:                       32.520000
Noncombinational area:               0.000000
Macro/Black Box area:                0.000000
Net Interconnect area:           12369.872116

Total cell area:                  2329.680012
Total area:                      14699.552128
1
