Information: Updating design information... (UID-85)
 
****************************************
Report : timing
        -path full
        -delay max
        -max_paths 1
Design : line064_bytesel
Version: V-2023.12-SP3
Date   : Thu Apr 30 09:16:59 2026
****************************************

Operating Conditions: nom_pvt   Library: ssc_core
Wire Load Model Mode: enclosed

  Startpoint: byte_off[2]
              (input port clocked by clk)
  Endpoint: byte_data[0]
            (output port clocked by clk)
  Path Group: clk
  Path Type: max

  Des/Clust/Port     Wire Load Model       Library
  ------------------------------------------------
  line064_bytesel    5KGATES               ssc_core

  Point                                    Incr       Path
  -----------------------------------------------------------
  clock clk (rise edge)                    0.00       0.00
  clock network delay (ideal)              0.00       0.00
  input external delay                     5.00       5.00 f
  byte_off[2] (in)                         0.00       5.00 f
  U138/Y (inv1a3)                          0.15       5.15 r
  U121/Y (and2a3)                          0.86       6.00 r
  U123/Y (and2a3)                          0.35       6.36 r
  U122/Y (oa1f3)                           0.15       6.51 f
  U98/Y (oa1f3)                            0.29       6.80 r
  U78/Y (or2a3)                            0.43       7.23 r
  byte_data[0] (out)                       0.00       7.23 r
  data arrival time                                   7.23

  clock clk (rise edge)                   20.00      20.00
  clock network delay (ideal)              0.00      20.00
  output external delay                   -5.00      15.00
  data required time                                 15.00
  -----------------------------------------------------------
  data required time                                 15.00
  data arrival time                                  -7.23
  -----------------------------------------------------------
  slack (MET)                                         7.77


1
