 
****************************************
Report : area
Design : line032_bytesel
Version: V-2023.12-SP3
Date   : Thu Apr 30 09:16:58 2026
****************************************

Library(s) Used:

    ssc_core (File: /home/foxxy/synopsys/syn/V-2023.12-SP3/doc/syn/dv_tutorial/risc_design/libs/core_typ.db)

Number of ports:                           42
Number of nets:                            88
Number of cells:                           54
Number of combinational cells:             54
Number of sequential cells:                 0
Number of macros/black boxes:               0
Number of buf/inv:                         10
Number of references:                       3

Combinational area:               1148.600006
Buf/Inv area:                      108.400002
Noncombinational area:               0.000000
Macro/Black Box area:                0.000000
Net Interconnect area:            6464.912476

Total cell area:                  1148.600006
Total area:                       7613.512482
1
