Information: Updating design information... (UID-85)
 
****************************************
Report : timing
        -path full
        -delay max
        -max_paths 1
Design : line128_bytesel
Version: V-2023.12-SP3
Date   : Thu Apr 30 09:16:59 2026
****************************************

Operating Conditions: nom_pvt   Library: ssc_core
Wire Load Model Mode: enclosed

  Startpoint: byte_off[3]
              (input port clocked by clk)
  Endpoint: byte_data[0]
            (output port clocked by clk)
  Path Group: clk
  Path Type: max

  Des/Clust/Port     Wire Load Model       Library
  ------------------------------------------------
  line128_bytesel    5KGATES               ssc_core

  Point                                    Incr       Path
  -----------------------------------------------------------
  clock clk (rise edge)                    0.00       0.00
  clock network delay (ideal)              0.00       0.00
  input external delay                     5.00       5.00 f
  byte_off[3] (in)                         0.00       5.00 f
  U266/Y (inv1a3)                          0.15       5.15 r
  U268/Y (and2a3)                          0.28       5.43 r
  U267/Y (and2a3)                          0.86       6.29 r
  U278/Y (and2a3)                          0.35       6.64 r
  U277/Y (oa1f3)                           0.15       6.79 f
  U185/Y (and4a3)                          0.22       7.01 f
  U184/Y (ao1f3)                           0.69       7.70 r
  byte_data[0] (out)                       0.00       7.71 r
  data arrival time                                   7.71

  clock clk (rise edge)                   20.00      20.00
  clock network delay (ideal)              0.00      20.00
  output external delay                   -5.00      15.00
  data required time                                 15.00
  -----------------------------------------------------------
  data required time                                 15.00
  data arrival time                                  -7.71
  -----------------------------------------------------------
  slack (MET)                                         7.29


1
