 
****************************************
Report : area
Design : parity64_byte
Version: V-2023.12-SP3
Date   : Thu Apr 30 09:09:19 2026
****************************************

Library(s) Used:

    ssc_core (File: /home/foxxy/synopsys/syn/V-2023.12-SP3/doc/syn/dv_tutorial/risc_design/libs/core_typ.db)

Number of ports:                           72
Number of nets:                           120
Number of cells:                           56
Number of combinational cells:             56
Number of sequential cells:                 0
Number of macros/black boxes:               0
Number of buf/inv:                          0
Number of references:                       1

Combinational area:               2427.040009
Buf/Inv area:                        0.000000
Noncombinational area:               0.000000
Macro/Black Box area:                0.000000
Net Interconnect area:            7635.720062

Total cell area:                  2427.040009
Total area:                      10062.760071
1
