Information: Updating design information... (UID-85)
 
****************************************
Report : timing
        -path full
        -delay max
        -max_paths 1
Design : parity8
Version: V-2023.12-SP3
Date   : Thu Apr 30 09:09:17 2026
****************************************

Operating Conditions: nom_pvt   Library: ssc_core
Wire Load Model Mode: enclosed

  Startpoint: d[0] (input port clocked by clk)
  Endpoint: p (output port clocked by clk)
  Path Group: clk
  Path Type: max

  Des/Clust/Port     Wire Load Model       Library
  ------------------------------------------------
  parity8            5KGATES               ssc_core

  Point                                    Incr       Path
  -----------------------------------------------------------
  clock clk (rise edge)                    0.00       0.00
  clock network delay (ideal)              0.00       0.00
  input external delay                     5.00       5.00 f
  d[0] (in)                                0.00       5.00 f
  U3/Y (xor2a6)                            0.23       5.23 f
  U2/Y (xor2a6)                            0.26       5.49 f
  U1/Y (xor2a6)                            0.39       5.88 r
  p (out)                                  0.00       5.88 r
  data arrival time                                   5.88

  clock clk (rise edge)                   20.00      20.00
  clock network delay (ideal)              0.00      20.00
  output external delay                   -5.00      15.00
  data required time                                 15.00
  -----------------------------------------------------------
  data required time                                 15.00
  data arrival time                                  -5.88
  -----------------------------------------------------------
  slack (MET)                                         9.12


1
