 
****************************************
Report : area
Design : plru16_find
Version: V-2023.12-SP3
Date   : Thu Apr 30 09:20:38 2026
****************************************

Library(s) Used:

    ssc_core (File: /home/foxxy/synopsys/syn/V-2023.12-SP3/doc/syn/dv_tutorial/risc_design/libs/core_typ.db)

Number of ports:                           20
Number of nets:                            45
Number of cells:                           30
Number of combinational cells:             29
Number of sequential cells:                 0
Number of macros/black boxes:               0
Number of buf/inv:                          6
Number of references:                       5

Combinational area:                639.330004
Buf/Inv area:                       65.040001
Noncombinational area:               0.000000
Macro/Black Box area:                0.000000
Net Interconnect area:            3410.623940

Total cell area:                   639.330004
Total area:                       4049.953943
1
