 
****************************************
Report : area
Design : plru4_update
Version: V-2023.12-SP3
Date   : Thu Apr 30 09:17:11 2026
****************************************

Library(s) Used:

    ssc_core (File: /home/foxxy/synopsys/syn/V-2023.12-SP3/doc/syn/dv_tutorial/risc_design/libs/core_typ.db)

Number of ports:                            8
Number of nets:                            10
Number of cells:                            6
Number of combinational cells:              6
Number of sequential cells:                 0
Number of macros/black boxes:               0
Number of buf/inv:                          2
Number of references:                       3

Combinational area:                140.880001
Buf/Inv area:                       21.680000
Noncombinational area:               0.000000
Macro/Black Box area:                0.000000
Net Interconnect area:             763.572514

Total cell area:                   140.880001
Total area:                        904.452515
1
