Information: Updating design information... (UID-85)
 
****************************************
Report : timing
        -path full
        -delay max
        -max_paths 1
Design : plru4_update
Version: V-2023.12-SP3
Date   : Thu Apr 30 09:17:11 2026
****************************************

Operating Conditions: nom_pvt   Library: ssc_core
Wire Load Model Mode: enclosed

  Startpoint: access_way[1]
              (input port clocked by clk)
  Endpoint: new_bits[0]
            (output port clocked by clk)
  Path Group: clk
  Path Type: max

  Des/Clust/Port     Wire Load Model       Library
  ------------------------------------------------
  plru4_update       5KGATES               ssc_core

  Point                                    Incr       Path
  -----------------------------------------------------------
  clock clk (rise edge)                    0.00       0.00
  clock network delay (ideal)              0.00       0.00
  input external delay                     5.00       5.00 f
  access_way[1] (in)                       0.00       5.00 f
  U12/Y (inv1a3)                           0.41       5.41 r
  U5/Y (ao1a3)                             0.49       5.90 r
  new_bits[0] (out)                        0.00       5.91 r
  data arrival time                                   5.91

  clock clk (rise edge)                   20.00      20.00
  clock network delay (ideal)              0.00      20.00
  output external delay                   -5.00      15.00
  data required time                                 15.00
  -----------------------------------------------------------
  data required time                                 15.00
  data arrival time                                  -5.91
  -----------------------------------------------------------
  slack (MET)                                         9.09


1
