Information: Updating design information... (UID-85)
 
****************************************
Report : timing
        -path full
        -delay max
        -max_paths 1
Design : plru4_way
Version: V-2023.12-SP3
Date   : Thu Apr 30 09:17:11 2026
****************************************

Operating Conditions: nom_pvt   Library: ssc_core
Wire Load Model Mode: enclosed

  Startpoint: bits[1] (input port clocked by clk)
  Endpoint: replace_way[0]
            (output port clocked by clk)
  Path Group: clk
  Path Type: max

  Des/Clust/Port     Wire Load Model       Library
  ------------------------------------------------
  plru4_way          5KGATES               ssc_core

  Point                                    Incr       Path
  -----------------------------------------------------------
  clock clk (rise edge)                    0.00       0.00
  clock network delay (ideal)              0.00       0.00
  input external delay                     5.00       5.00 r
  bits[1] (in)                             0.00       5.00 r
  U5/Y (and2a3)                            0.19       5.19 r
  U1/Y (ao1a3)                             0.40       5.59 r
  replace_way[0] (out)                     0.00       5.59 r
  data arrival time                                   5.59

  clock clk (rise edge)                   20.00      20.00
  clock network delay (ideal)              0.00      20.00
  output external delay                   -5.00      15.00
  data required time                                 15.00
  -----------------------------------------------------------
  data required time                                 15.00
  data arrival time                                  -5.59
  -----------------------------------------------------------
  slack (MET)                                         9.41


1
