 
****************************************
Report : area
Design : plru32_update
Version: V-2023.12-SP3
Date   : Thu Apr 30 09:20:44 2026
****************************************

Library(s) Used:

    ssc_core (File: /home/foxxy/synopsys/syn/V-2023.12-SP3/doc/syn/dv_tutorial/risc_design/libs/core_typ.db)

Number of ports:                           67
Number of nets:                           117
Number of cells:                           82
Number of combinational cells:             82
Number of sequential cells:                 0
Number of macros/black boxes:               0
Number of buf/inv:                         14
Number of references:                       5

Combinational area:               2026.400013
Buf/Inv area:                      151.760002
Noncombinational area:               0.000000
Macro/Black Box area:                0.000000
Net Interconnect area:           10244.600597

Total cell area:                  2026.400013
Total area:                      12271.000610
1
