 
****************************************
Report : area
Design : plru16_update
Version: V-2023.12-SP3
Date   : Thu Apr 30 09:20:40 2026
****************************************

Library(s) Used:

    ssc_core (File: /home/foxxy/synopsys/syn/V-2023.12-SP3/doc/syn/dv_tutorial/risc_design/libs/core_typ.db)

Number of ports:                           35
Number of nets:                            64
Number of cells:                           46
Number of combinational cells:             46
Number of sequential cells:                 0
Number of macros/black boxes:               0
Number of buf/inv:                         10
Number of references:                       5

Combinational area:               1110.740007
Buf/Inv area:                      108.400002
Noncombinational area:               0.000000
Macro/Black Box area:                0.000000
Net Interconnect area:            5421.366402

Total cell area:                  1110.740007
Total area:                       6532.106409
1
