Information: Updating design information... (UID-85)
 
****************************************
Report : timing
        -path full
        -delay max
        -max_paths 1
Design : plru32_update
Version: V-2023.12-SP3
Date   : Thu Apr 30 09:20:44 2026
****************************************

Operating Conditions: nom_pvt   Library: ssc_core
Wire Load Model Mode: enclosed

  Startpoint: access_way[4]
              (input port clocked by clk)
  Endpoint: new_bits[14]
            (output port clocked by clk)
  Path Group: clk
  Path Type: max

  Des/Clust/Port     Wire Load Model       Library
  ------------------------------------------------
  plru32_update      5KGATES               ssc_core

  Point                                    Incr       Path
  -----------------------------------------------------------
  clock clk (rise edge)                    0.00       0.00
  clock network delay (ideal)              0.00       0.00
  input external delay                     5.00       5.00 f
  access_way[4] (in)                       0.00       5.00 f
  U92/Y (inv1a3)                           0.45       5.45 r
  U87/Y (and2a3)                           0.43       5.88 r
  U88/Y (and2a3)                           0.31       6.19 r
  U83/Y (inv1a3)                           0.37       6.56 f
  U114/Y (ao1f3)                           0.30       6.86 r
  U113/Y (ao1f3)                           0.54       7.40 f
  new_bits[14] (out)                       0.00       7.40 f
  data arrival time                                   7.40

  clock clk (rise edge)                   20.00      20.00
  clock network delay (ideal)              0.00      20.00
  output external delay                   -5.00      15.00
  data required time                                 15.00
  -----------------------------------------------------------
  data required time                                 15.00
  data arrival time                                  -7.40
  -----------------------------------------------------------
  slack (MET)                                         7.60


1
