Information: Updating design information... (UID-85)
 
****************************************
Report : timing
        -path full
        -delay max
        -max_paths 1
Design : plru32_find
Version: V-2023.12-SP3
Date   : Thu Apr 30 09:20:42 2026
****************************************

Operating Conditions: nom_pvt   Library: ssc_core
Wire Load Model Mode: enclosed

  Startpoint: bits[21] (input port clocked by clk)
  Endpoint: replace_way[0]
            (output port clocked by clk)
  Path Group: clk
  Path Type: max

  Des/Clust/Port     Wire Load Model       Library
  ------------------------------------------------
  plru32_find        5KGATES               ssc_core

  Point                                    Incr       Path
  -----------------------------------------------------------
  clock clk (rise edge)                    0.00       0.00
  clock network delay (ideal)              0.00       0.00
  input external delay                     5.00       5.00 f
  bits[21] (in)                            0.00       5.00 f
  U77/Y (inv1a3)                           0.11       5.11 r
  U76/Y (and2a3)                           0.23       5.34 r
  U74/Y (ao1f3)                            0.20       5.54 f
  U72/Y (oa1f3)                            0.28       5.82 r
  U70/Y (oa1f3)                            0.19       6.01 f
  U68/Y (ao1f3)                            0.70       6.71 r
  replace_way[0] (out)                     0.00       6.71 r
  data arrival time                                   6.71

  clock clk (rise edge)                   20.00      20.00
  clock network delay (ideal)              0.00      20.00
  output external delay                   -5.00      15.00
  data required time                                 15.00
  -----------------------------------------------------------
  data required time                                 15.00
  data arrival time                                  -6.71
  -----------------------------------------------------------
  slack (MET)                                         8.29


1
