 
****************************************
Report : area
Design : plru8_way
Version: V-2023.12-SP3
Date   : Thu Apr 30 09:17:13 2026
****************************************

Library(s) Used:

    ssc_core (File: /home/foxxy/synopsys/syn/V-2023.12-SP3/doc/syn/dv_tutorial/risc_design/libs/core_typ.db)

Number of ports:                           10
Number of nets:                            18
Number of cells:                           11
Number of combinational cells:             11
Number of sequential cells:                 0
Number of macros/black boxes:               0
Number of buf/inv:                          3
Number of references:                       5

Combinational area:                232.980001
Buf/Inv area:                       32.520000
Noncombinational area:               0.000000
Macro/Black Box area:                0.000000
Net Interconnect area:            1348.978027

Total cell area:                   232.980001
Total area:                       1581.958029
1
