Information: Updating design information... (UID-85)
 
****************************************
Report : timing
        -path full
        -delay max
        -max_paths 1
Design : plru8_find
Version: V-2023.12-SP3
Date   : Thu Apr 30 09:20:49 2026
****************************************

Operating Conditions: nom_pvt   Library: ssc_core
Wire Load Model Mode: enclosed

  Startpoint: bits[5] (input port clocked by clk)
  Endpoint: replace_way[0]
            (output port clocked by clk)
  Path Group: clk
  Path Type: max

  Des/Clust/Port     Wire Load Model       Library
  ------------------------------------------------
  plru8_find         5KGATES               ssc_core

  Point                                    Incr       Path
  -----------------------------------------------------------
  clock clk (rise edge)                    0.00       0.00
  clock network delay (ideal)              0.00       0.00
  input external delay                     5.00       5.00 r
  bits[5] (in)                             0.00       5.00 r
  U18/Y (inv1a3)                           0.11       5.11 f
  U17/Y (and2a3)                           0.22       5.32 f
  U15/Y (ao1f3)                            0.28       5.60 r
  U13/Y (ao1f3)                            0.51       6.11 f
  replace_way[0] (out)                     0.00       6.11 f
  data arrival time                                   6.11

  clock clk (rise edge)                   20.00      20.00
  clock network delay (ideal)              0.00      20.00
  output external delay                   -5.00      15.00
  data required time                                 15.00
  -----------------------------------------------------------
  data required time                                 15.00
  data arrival time                                  -6.11
  -----------------------------------------------------------
  slack (MET)                                         8.89


1
