Information: Updating design information... (UID-85)
 
****************************************
Report : timing
        -path full
        -delay max
        -max_paths 1
Design : plru8_update
Version: V-2023.12-SP3
Date   : Thu Apr 30 09:17:12 2026
****************************************

Operating Conditions: nom_pvt   Library: ssc_core
Wire Load Model Mode: enclosed

  Startpoint: access_way[1]
              (input port clocked by clk)
  Endpoint: new_bits[3]
            (output port clocked by clk)
  Path Group: clk
  Path Type: max

  Des/Clust/Port     Wire Load Model       Library
  ------------------------------------------------
  plru8_update       5KGATES               ssc_core

  Point                                    Incr       Path
  -----------------------------------------------------------
  clock clk (rise edge)                    0.00       0.00
  clock network delay (ideal)              0.00       0.00
  input external delay                     5.00       5.00 f
  access_way[1] (in)                       0.00       5.00 f
  U27/Y (inv1a3)                           0.15       5.15 r
  U26/Y (and2a3)                           0.38       5.53 r
  U6/Y (or2a3)                             0.26       5.79 r
  U25/Y (and2a3)                           0.24       6.03 r
  U24/Y (inv1a3)                           0.15       6.18 f
  U23/Y (ao1f3)                            0.36       6.54 r
  new_bits[3] (out)                        0.00       6.54 r
  data arrival time                                   6.54

  clock clk (rise edge)                   20.00      20.00
  clock network delay (ideal)              0.00      20.00
  output external delay                   -5.00      15.00
  data required time                                 15.00
  -----------------------------------------------------------
  data required time                                 15.00
  data arrival time                                  -6.54
  -----------------------------------------------------------
  slack (MET)                                         8.46


1
