 
****************************************
Report : area
Design : qread32_2
Version: V-2023.12-SP3
Date   : Mon May  4 03:00:19 2026
****************************************

Library(s) Used:

    ssc_core (File: /home/foxxy/synopsys/syn/V-2023.12-SP3/doc/syn/dv_tutorial/risc_design/libs/core_typ.db)

Number of ports:                         1093
Number of nets:                          3891
Number of cells:                         2859
Number of combinational cells:           2859
Number of sequential cells:                 0
Number of macros/black boxes:               0
Number of buf/inv:                        393
Number of references:                       9

Combinational area:              73985.059715
Buf/Inv area:                     5645.080021
Noncombinational area:               0.000000
Macro/Black Box area:                0.000000
Net Interconnect area:          328170.800205

Total cell area:                 73985.059715
Total area:                     402155.859921
1
