 
****************************************
Report : area
Design : qread_1
Version: V-2023.12-SP3
Date   : Thu Apr 30 09:21:29 2026
****************************************

Library(s) Used:

    ssc_core (File: /home/foxxy/synopsys/syn/V-2023.12-SP3/doc/syn/dv_tutorial/risc_design/libs/core_typ.db)

Number of ports:                          291
Number of nets:                           622
Number of cells:                          363
Number of combinational cells:            363
Number of sequential cells:                 0
Number of macros/black boxes:               0
Number of buf/inv:                         67
Number of references:                       6

Combinational area:               8961.079967
Buf/Inv area:                      899.400005
Noncombinational area:               0.000000
Macro/Black Box area:                0.000000
Net Interconnect area:           46425.199814

Total cell area:                  8961.079967
Total area:                      55386.279781
1
