Information: Updating design information... (UID-85)
 
****************************************
Report : timing
        -path full
        -delay max
        -max_paths 1
Design : qread64_2
Version: V-2023.12-SP3
Date   : Mon May  4 03:00:26 2026
****************************************

Operating Conditions: nom_pvt   Library: ssc_core
Wire Load Model Mode: enclosed

  Startpoint: ptr[0] (input port clocked by clk)
  Endpoint: data_out1[0]
            (output port clocked by clk)
  Path Group: clk
  Path Type: max

  Des/Clust/Port     Wire Load Model       Library
  ------------------------------------------------
  qread64_2          5KGATES               ssc_core

  Point                                    Incr       Path
  -----------------------------------------------------------
  clock clk (rise edge)                    0.00       0.00
  clock network delay (ideal)              0.00       0.00
  input external delay                     5.00       5.00 r
  ptr[0] (in)                              0.00       5.00 r
  add_808/U1_1_1/CO (ha1a3)                0.19       5.19 r
  add_808/U1_1_2/CO (ha1a3)                0.23       5.42 r
  add_808/U1_1_3/CO (ha1a3)                0.23       5.65 r
  add_808/U1_1_4/CO (ha1a3)                0.22       5.88 r
  U10713/Y (xor2a1)                        1.07       6.94 r
  U5911/Y (inv1a3)                         0.47       7.41 f
  U2406/Y (or2a3)                          0.34       7.76 f
  U2398/Y (or2a3)                          0.33       8.09 f
  U2379/Y (or2a3)                          0.22       8.31 f
  U5614/Y (inv1a3)                         0.92       9.23 r
  U5446/Y (buf1a3)                         0.94      10.17 r
  U8241/Y (oa1f3)                          0.38      10.55 f
  U8238/Y (and4a3)                         0.22      10.77 f
  U5905/Y (and4a3)                         0.18      10.95 f
  U5904/Y (and2a3)                         0.21      11.16 f
  U5903/Y (inv1a3)                         0.35      11.50 r
  data_out1[0] (out)                       0.00      11.51 r
  data arrival time                                  11.51

  clock clk (rise edge)                   20.00      20.00
  clock network delay (ideal)              0.00      20.00
  output external delay                   -5.00      15.00
  data required time                                 15.00
  -----------------------------------------------------------
  data required time                                 15.00
  data arrival time                                 -11.51
  -----------------------------------------------------------
  slack (MET)                                         3.49


1
