Information: Updating design information... (UID-85)
 
****************************************
Report : timing
        -path full
        -delay max
        -max_paths 1
Design : qread_1
Version: V-2023.12-SP3
Date   : Thu Apr 30 09:21:29 2026
****************************************

Operating Conditions: nom_pvt   Library: ssc_core
Wire Load Model Mode: enclosed

  Startpoint: ptr[2] (input port clocked by clk)
  Endpoint: data_out[1]
            (output port clocked by clk)
  Path Group: clk
  Path Type: max

  Des/Clust/Port     Wire Load Model       Library
  ------------------------------------------------
  qread_1            5KGATES               ssc_core

  Point                                    Incr       Path
  -----------------------------------------------------------
  clock clk (rise edge)                    0.00       0.00
  clock network delay (ideal)              0.00       0.00
  input external delay                     5.00       5.00 f
  ptr[2] (in)                              0.00       5.00 f
  U670/Y (inv1a3)                          0.24       5.24 r
  U693/Y (and3a3)                          1.07       6.31 r
  U363/Y (buf1a3)                          0.94       7.26 r
  U369/Y (oa1f3)                           0.38       7.63 f
  U367/Y (and4a3)                          0.22       7.85 f
  U366/Y (inv1a3)                          0.35       8.20 r
  data_out[1] (out)                        0.00       8.20 r
  data arrival time                                   8.20

  clock clk (rise edge)                   20.00      20.00
  clock network delay (ideal)              0.00      20.00
  output external delay                   -5.00      15.00
  data required time                                 15.00
  -----------------------------------------------------------
  data required time                                 15.00
  data arrival time                                  -8.20
  -----------------------------------------------------------
  slack (MET)                                         6.80


1
