 
****************************************
Report : area
Design : qread_2_16e
Version: V-2023.12-SP3
Date   : Sat May  2 13:23:53 2026
****************************************

Library(s) Used:

    ssc_core (File: /home/foxxy/synopsys/syn/V-2023.12-SP3/doc/syn/dv_tutorial/risc_design/libs/core_typ.db)

Number of ports:                          580
Number of nets:                          1980
Number of cells:                         1464
Number of combinational cells:           1464
Number of sequential cells:                 0
Number of macros/black boxes:               0
Number of buf/inv:                        200
Number of references:                       9

Combinational area:              36716.109898
Buf/Inv area:                     2860.480011
Noncombinational area:               0.000000
Macro/Black Box area:                0.000000
Net Interconnect area:          166637.004745

Total cell area:                 36716.109898
Total area:                     203353.114643
1
