Information: Updating design information... (UID-85)
 
****************************************
Report : timing
        -path full
        -delay max
        -max_paths 1
Design : qread16_1
Version: V-2023.12-SP3
Date   : Mon May  4 03:00:14 2026
****************************************

Operating Conditions: nom_pvt   Library: ssc_core
Wire Load Model Mode: enclosed

  Startpoint: ptr[3] (input port clocked by clk)
  Endpoint: data_out[0]
            (output port clocked by clk)
  Path Group: clk
  Path Type: max

  Des/Clust/Port     Wire Load Model       Library
  ------------------------------------------------
  qread16_1          5KGATES               ssc_core

  Point                                    Incr       Path
  -----------------------------------------------------------
  clock clk (rise edge)                    0.00       0.00
  clock network delay (ideal)              0.00       0.00
  input external delay                     5.00       5.00 r
  ptr[3] (in)                              0.00       5.00 r
  U1203/Y (inv1a3)                         0.11       5.11 f
  U609/Y (or2a3)                           0.31       5.43 f
  U603/Y (or2a3)                           0.23       5.66 f
  U889/Y (inv1a3)                          0.91       6.57 r
  U746/Y (buf1a3)                          0.94       7.52 r
  U1401/Y (oa1f3)                          0.38       7.89 f
  U875/Y (and4a3)                          0.21       8.11 f
  U874/Y (and2a3)                          0.21       8.32 f
  U873/Y (inv1a3)                          0.35       8.66 r
  data_out[0] (out)                        0.00       8.67 r
  data arrival time                                   8.67

  clock clk (rise edge)                   20.00      20.00
  clock network delay (ideal)              0.00      20.00
  output external delay                   -5.00      15.00
  data required time                                 15.00
  -----------------------------------------------------------
  data required time                                 15.00
  data arrival time                                  -8.67
  -----------------------------------------------------------
  slack (MET)                                         6.33


1
