 
****************************************
Report : area
Design : qread64_2
Version: V-2023.12-SP3
Date   : Mon May  4 03:00:26 2026
****************************************

Library(s) Used:

    ssc_core (File: /home/foxxy/synopsys/syn/V-2023.12-SP3/doc/syn/dv_tutorial/risc_design/libs/core_typ.db)

Number of ports:                         2118
Number of nets:                          7762
Number of cells:                         5704
Number of combinational cells:           5704
Number of sequential cells:                 0
Number of macros/black boxes:               0
Number of buf/inv:                        715
Number of references:                       9

Combinational area:             148262.259445
Buf/Inv area:                    10520.520031
Noncombinational area:               0.000000
Macro/Black Box area:                0.000000
Net Interconnect area:          654839.905952

Total cell area:                148262.259445
Total area:                     803102.165398
1
