 
****************************************
Report : area
Design : qread_4
Version: V-2023.12-SP3
Date   : Thu Apr 30 09:21:31 2026
****************************************

Library(s) Used:

    ssc_core (File: /home/foxxy/synopsys/syn/V-2023.12-SP3/doc/syn/dv_tutorial/risc_design/libs/core_typ.db)

Number of ports:                          387
Number of nets:                          1717
Number of cells:                         1458
Number of combinational cells:           1458
Number of sequential cells:                 0
Number of macros/black boxes:               0
Number of buf/inv:                        262
Number of references:                       8

Combinational area:              35708.749928
Buf/Inv area:                     3494.690022
Noncombinational area:               0.000000
Macro/Black Box area:                0.000000
Net Interconnect area:          155934.290852

Total cell area:                 35708.749928
Total area:                     191643.040779
1
