Information: Updating design information... (UID-85)
 
****************************************
Report : timing
        -path full
        -delay max
        -max_paths 1
Design : qread_4
Version: V-2023.12-SP3
Date   : Thu Apr 30 09:21:31 2026
****************************************

Operating Conditions: nom_pvt   Library: ssc_core
Wire Load Model Mode: enclosed

  Startpoint: ptr[1] (input port clocked by clk)
  Endpoint: data_out3[2]
            (output port clocked by clk)
  Path Group: clk
  Path Type: max

  Des/Clust/Port     Wire Load Model       Library
  ------------------------------------------------
  qread_4            5KGATES               ssc_core

  Point                                    Incr       Path
  -----------------------------------------------------------
  clock clk (rise edge)                    0.00       0.00
  clock network delay (ideal)              0.00       0.00
  input external delay                     5.00       5.00 f
  ptr[1] (in)                              0.00       5.00 f
  U1679/Y (inv1a3)                         0.24       5.24 r
  U1459/Y (and2a3)                         0.43       5.67 r
  U898/Y (or2a3)                           0.28       5.95 r
  U1458/Y (and2a3)                         0.42       6.37 r
  U299/Y (xor2a6)                          0.36       6.74 f
  U1391/Y (inv1a3)                         0.29       7.03 r
  U1462/Y (and2a3)                         1.05       8.07 r
  U1402/Y (buf1a3)                         0.95       9.02 r
  U1682/Y (oa1f3)                          0.38       9.40 f
  U1503/Y (and4a3)                         0.22       9.61 f
  U1502/Y (inv1a3)                         0.35       9.96 r
  data_out3[2] (out)                       0.00       9.96 r
  data arrival time                                   9.96

  clock clk (rise edge)                   20.00      20.00
  clock network delay (ideal)              0.00      20.00
  output external delay                   -5.00      15.00
  data required time                                 15.00
  -----------------------------------------------------------
  data required time                                 15.00
  data arrival time                                  -9.96
  -----------------------------------------------------------
  slack (MET)                                         5.04


1
