 
****************************************
Report : area
Design : repl_first_invalid_16
Version: V-2023.12-SP3
Date   : Sat May  2 13:24:05 2026
****************************************

Library(s) Used:

    ssc_core (File: /home/foxxy/synopsys/syn/V-2023.12-SP3/doc/syn/dv_tutorial/risc_design/libs/core_typ.db)

Number of ports:                           21
Number of nets:                            67
Number of cells:                           51
Number of combinational cells:             51
Number of sequential cells:                 0
Number of macros/black boxes:               0
Number of buf/inv:                         19
Number of references:                       8

Combinational area:               1121.619982
Buf/Inv area:                      205.960003
Noncombinational area:               0.000000
Macro/Black Box area:                0.000000
Net Interconnect area:            5408.639626

Total cell area:                  1121.619982
Total area:                       6530.259607
1
