 
****************************************
Report : area
Design : repl_first_invalid_8
Version: V-2023.12-SP3
Date   : Sat May  2 13:24:04 2026
****************************************

Library(s) Used:

    ssc_core (File: /home/foxxy/synopsys/syn/V-2023.12-SP3/doc/syn/dv_tutorial/risc_design/libs/core_typ.db)

Number of ports:                           12
Number of nets:                            30
Number of cells:                           22
Number of combinational cells:             22
Number of sequential cells:                 0
Number of macros/black boxes:               0
Number of buf/inv:                          9
Number of references:                       7

Combinational area:                498.489992
Buf/Inv area:                       97.560001
Noncombinational area:               0.000000
Macro/Black Box area:                0.000000
Net Interconnect area:            2443.432537

Total cell area:                   498.489992
Total area:                       2941.922529
1
