 
****************************************
Report : area
Design : repl_first_invalid_4
Version: V-2023.12-SP3
Date   : Sat May  2 13:24:03 2026
****************************************

Library(s) Used:

    ssc_core (File: /home/foxxy/synopsys/syn/V-2023.12-SP3/doc/syn/dv_tutorial/risc_design/libs/core_typ.db)

Number of ports:                            7
Number of nets:                            12
Number of cells:                            8
Number of combinational cells:              8
Number of sequential cells:                 0
Number of macros/black boxes:               0
Number of buf/inv:                          3
Number of references:                       4

Combinational area:                167.969997
Buf/Inv area:                       32.520000
Noncombinational area:               0.000000
Macro/Black Box area:                0.000000
Net Interconnect area:             941.739521

Total cell area:                   167.969997
Total area:                       1109.709518
1
