 
****************************************
Report : area
Design : tag08_4way_hit
Version: V-2023.12-SP3
Date   : Thu Apr 30 09:17:14 2026
****************************************

Library(s) Used:

    ssc_core (File: /home/foxxy/synopsys/syn/V-2023.12-SP3/doc/syn/dv_tutorial/risc_design/libs/core_typ.db)

Number of ports:                           41
Number of nets:                            93
Number of cells:                           53
Number of combinational cells:             53
Number of sequential cells:                 0
Number of macros/black boxes:               0
Number of buf/inv:                          8
Number of references:                       8

Combinational area:               1993.709991
Buf/Inv area:                       86.720001
Noncombinational area:               0.000000
Macro/Black Box area:                0.000000
Net Interconnect area:            6528.543095

Total cell area:                  1993.709991
Total area:                       8522.253086
1
