Information: Updating design information... (UID-85)
 
****************************************
Report : timing
        -path full
        -delay max
        -max_paths 1
Design : tag08_8way_hit
Version: V-2023.12-SP3
Date   : Thu Apr 30 09:17:16 2026
****************************************

Operating Conditions: nom_pvt   Library: ssc_core
Wire Load Model Mode: enclosed

  Startpoint: req_tag[5] (input port clocked by clk)
  Endpoint: hit_any (output port clocked by clk)
  Path Group: clk
  Path Type: max

  Des/Clust/Port     Wire Load Model       Library
  ------------------------------------------------
  tag08_8way_hit     5KGATES               ssc_core

  Point                                    Incr       Path
  -----------------------------------------------------------
  clock clk (rise edge)                    0.00       0.00
  clock network delay (ideal)              0.00       0.00
  input external delay                     5.00       5.00 f
  req_tag[5] (in)                          0.00       5.00 f
  U90/Y (xor2a1)                           0.61       5.61 r
  U89/Y (or4a3)                            0.26       5.87 r
  U88/Y (or2a1)                            0.53       6.40 r
  U87/Y (ao1f1)                            0.58       6.99 f
  U20/Y (or4a3)                            0.55       7.54 f
  hit_any (out)                            0.00       7.54 f
  data arrival time                                   7.54

  clock clk (rise edge)                   20.00      20.00
  clock network delay (ideal)              0.00      20.00
  output external delay                   -5.00      15.00
  data required time                                 15.00
  -----------------------------------------------------------
  data required time                                 15.00
  data arrival time                                  -7.54
  -----------------------------------------------------------
  slack (MET)                                         7.46


1
