Information: Updating design information... (UID-85)
 
****************************************
Report : timing
        -path full
        -delay max
        -max_paths 1
Design : tag08_xor_eq
Version: V-2023.12-SP3
Date   : Sat May  2 13:23:27 2026
****************************************

Operating Conditions: nom_pvt   Library: ssc_core
Wire Load Model Mode: enclosed

  Startpoint: req_tag[4] (input port clocked by clk)
  Endpoint: hit (output port clocked by clk)
  Path Group: clk
  Path Type: max

  Des/Clust/Port     Wire Load Model       Library
  ------------------------------------------------
  tag08_xor_eq       5KGATES               ssc_core

  Point                                    Incr       Path
  -----------------------------------------------------------
  clock clk (rise edge)                    0.00       0.00
  clock network delay (ideal)              0.00       0.00
  input external delay                     5.00       5.00 f
  req_tag[4] (in)                          0.00       5.00 f
  U10/Y (xor2a6)                           0.23       5.23 f
  U14/Y (or4a3)                            0.26       5.49 f
  U1/Y (or2a3)                             0.22       5.72 f
  U13/Y (inv1a3)                           0.35       6.06 r
  hit (out)                                0.00       6.06 r
  data arrival time                                   6.06

  clock clk (rise edge)                   20.00      20.00
  clock network delay (ideal)              0.00      20.00
  output external delay                   -5.00      15.00
  data required time                                 15.00
  -----------------------------------------------------------
  data required time                                 15.00
  data arrival time                                  -6.06
  -----------------------------------------------------------
  slack (MET)                                         8.94


1
