 
****************************************
Report : area
Design : tag16_2way_sel
Version: V-2023.12-SP3
Date   : Mon May  4 03:00:07 2026
****************************************

Library(s) Used:

    ssc_core (File: /home/foxxy/synopsys/syn/V-2023.12-SP3/doc/syn/dv_tutorial/risc_design/libs/core_typ.db)

Number of ports:                          241
Number of nets:                           391
Number of cells:                          215
Number of combinational cells:            215
Number of sequential cells:                 0
Number of macros/black boxes:               0
Number of buf/inv:                         36
Number of references:                       9

Combinational area:               6284.920017
Buf/Inv area:                      449.750004
Noncombinational area:               0.000000
Macro/Black Box area:                0.000000
Net Interconnect area:           28850.310089

Total cell area:                  6284.920017
Total area:                      35135.230106
1
