 
****************************************
Report : area
Design : tag16_4way_sel
Version: V-2023.12-SP3
Date   : Thu Apr 30 09:17:21 2026
****************************************

Library(s) Used:

    ssc_core (File: /home/foxxy/synopsys/syn/V-2023.12-SP3/doc/syn/dv_tutorial/risc_design/libs/core_typ.db)

Number of ports:                          241
Number of nets:                           539
Number of cells:                          331
Number of combinational cells:            331
Number of sequential cells:                 0
Number of macros/black boxes:               0
Number of buf/inv:                         65
Number of references:                      11

Combinational area:               8755.129999
Buf/Inv area:                      796.570007
Noncombinational area:               0.000000
Macro/Black Box area:                0.000000
Net Interconnect area:           39514.869297

Total cell area:                  8755.129999
Total area:                      48269.999296
1
