 
****************************************
Report : area
Design : tag16_4way_hit
Version: V-2023.12-SP3
Date   : Thu Apr 30 09:17:20 2026
****************************************

Library(s) Used:

    ssc_core (File: /home/foxxy/synopsys/syn/V-2023.12-SP3/doc/syn/dv_tutorial/risc_design/libs/core_typ.db)

Number of ports:                           81
Number of nets:                           195
Number of cells:                          115
Number of combinational cells:            115
Number of sequential cells:                 0
Number of macros/black boxes:               0
Number of buf/inv:                         14
Number of references:                       6

Combinational area:               4187.879978
Buf/Inv area:                      151.760002
Noncombinational area:               0.000000
Macro/Black Box area:                0.000000
Net Interconnect area:           14240.624916

Total cell area:                  4187.879978
Total area:                      18428.504894
1
