Information: Updating design information... (UID-85)
 
****************************************
Report : timing
        -path full
        -delay max
        -max_paths 1
Design : tag16_xor_eq
Version: V-2023.12-SP3
Date   : Sat May  2 13:23:28 2026
****************************************

Operating Conditions: nom_pvt   Library: ssc_core
Wire Load Model Mode: enclosed

  Startpoint: req_tag[4] (input port clocked by clk)
  Endpoint: hit (output port clocked by clk)
  Path Group: clk
  Path Type: max

  Des/Clust/Port     Wire Load Model       Library
  ------------------------------------------------
  tag16_xor_eq       5KGATES               ssc_core

  Point                                    Incr       Path
  -----------------------------------------------------------
  clock clk (rise edge)                    0.00       0.00
  clock network delay (ideal)              0.00       0.00
  input external delay                     5.00       5.00 f
  req_tag[4] (in)                          0.00       5.00 f
  U20/Y (xor2a6)                           0.23       5.23 f
  U26/Y (or4a3)                            0.26       5.49 f
  U24/Y (or4a3)                            0.27       5.76 f
  U23/Y (inv1a3)                           0.36       6.12 r
  hit (out)                                0.00       6.13 r
  data arrival time                                   6.13

  clock clk (rise edge)                   20.00      20.00
  clock network delay (ideal)              0.00      20.00
  output external delay                   -5.00      15.00
  data required time                                 15.00
  -----------------------------------------------------------
  data required time                                 15.00
  data arrival time                                  -6.13
  -----------------------------------------------------------
  slack (MET)                                         8.87


1
