Information: Updating design information... (UID-85)
 
****************************************
Report : timing
        -path full
        -delay max
        -max_paths 1
Design : tag16_eq
Version: V-2023.12-SP3
Date   : Thu Apr 30 09:17:24 2026
****************************************

Operating Conditions: nom_pvt   Library: ssc_core
Wire Load Model Mode: enclosed

  Startpoint: req_tag[0] (input port clocked by clk)
  Endpoint: hit (output port clocked by clk)
  Path Group: clk
  Path Type: max

  Des/Clust/Port     Wire Load Model       Library
  ------------------------------------------------
  tag16_eq           5KGATES               ssc_core

  Point                                    Incr       Path
  -----------------------------------------------------------
  clock clk (rise edge)                    0.00       0.00
  clock network delay (ideal)              0.00       0.00
  input external delay                     5.00       5.00 r
  req_tag[0] (in)                          0.00       5.00 r
  U5/Y (inv1a3)                            0.10       5.10 f
  U23/Y (or2a1)                            0.53       5.63 f
  U24/Y (and2a3)                           0.24       5.86 f
  U25/Y (oa1f1)                            0.88       6.74 r
  U26/Y (or4a3)                            0.33       7.07 r
  U32/Y (or4a3)                            0.20       7.27 r
  U3/Y (inv1a3)                            0.33       7.60 f
  hit (out)                                0.00       7.60 f
  data arrival time                                   7.60

  clock clk (rise edge)                   20.00      20.00
  clock network delay (ideal)              0.00      20.00
  output external delay                   -5.00      15.00
  data required time                                 15.00
  -----------------------------------------------------------
  data required time                                 15.00
  data arrival time                                  -7.60
  -----------------------------------------------------------
  slack (MET)                                         7.40


1
