 
****************************************
Report : area
Design : tag16_2way_hit
Version: V-2023.12-SP3
Date   : Thu Apr 30 09:17:20 2026
****************************************

Library(s) Used:

    ssc_core (File: /home/foxxy/synopsys/syn/V-2023.12-SP3/doc/syn/dv_tutorial/risc_design/libs/core_typ.db)

Number of ports:                           49
Number of nets:                           107
Number of cells:                           59
Number of combinational cells:             59
Number of sequential cells:                 0
Number of macros/black boxes:               0
Number of buf/inv:                          8
Number of references:                       7

Combinational area:               2107.489990
Buf/Inv area:                       86.720001
Noncombinational area:               0.000000
Macro/Black Box area:                0.000000
Net Interconnect area:            7521.187126

Total cell area:                  2107.489990
Total area:                       9628.677116
1
