 
****************************************
Report : area
Design : tag16_mask_eq
Version: V-2023.12-SP3
Date   : Thu Apr 30 09:17:25 2026
****************************************

Library(s) Used:

    ssc_core (File: /home/foxxy/synopsys/syn/V-2023.12-SP3/doc/syn/dv_tutorial/risc_design/libs/core_typ.db)

Number of ports:                           49
Number of nets:                           110
Number of cells:                           62
Number of combinational cells:             62
Number of sequential cells:                 0
Number of macros/black boxes:               0
Number of buf/inv:                          5
Number of references:                       6

Combinational area:               1744.479998
Buf/Inv area:                       54.200001
Noncombinational area:               0.000000
Macro/Black Box area:                0.000000
Net Interconnect area:            7559.365128

Total cell area:                  1744.479998
Total area:                       9303.845125
1
