Information: Updating design information... (UID-85)
 
****************************************
Report : timing
        -path full
        -delay max
        -max_paths 1
Design : tag16_2way_hit
Version: V-2023.12-SP3
Date   : Thu Apr 30 09:17:20 2026
****************************************

Operating Conditions: nom_pvt   Library: ssc_core
Wire Load Model Mode: enclosed

  Startpoint: req_tag[0] (input port clocked by clk)
  Endpoint: hit_any (output port clocked by clk)
  Path Group: clk
  Path Type: max

  Des/Clust/Port     Wire Load Model       Library
  ------------------------------------------------
  tag16_2way_hit     5KGATES               ssc_core

  Point                                    Incr       Path
  -----------------------------------------------------------
  clock clk (rise edge)                    0.00       0.00
  clock network delay (ideal)              0.00       0.00
  input external delay                     5.00       5.00 r
  req_tag[0] (in)                          0.00       5.00 r
  U9/Y (inv1a3)                            0.15       5.15 f
  U54/Y (or2a1)                            0.54       5.69 f
  U55/Y (and2a3)                           0.24       5.92 f
  U56/Y (oa1f1)                            0.88       6.80 r
  U57/Y (or4a3)                            0.33       7.13 r
  U63/Y (or4a3)                            0.20       7.33 r
  U7/Y (inv1a3)                            0.15       7.49 f
  U3/Y (or2a3)                             0.36       7.85 f
  hit_any (out)                            0.00       7.85 f
  data arrival time                                   7.85

  clock clk (rise edge)                   20.00      20.00
  clock network delay (ideal)              0.00      20.00
  output external delay                   -5.00      15.00
  data required time                                 15.00
  -----------------------------------------------------------
  data required time                                 15.00
  data arrival time                                  -7.85
  -----------------------------------------------------------
  slack (MET)                                         7.15


1
