 
****************************************
Report : area
Design : tag16_xor_eq
Version: V-2023.12-SP3
Date   : Sat May  2 13:23:28 2026
****************************************

Library(s) Used:

    ssc_core (File: /home/foxxy/synopsys/syn/V-2023.12-SP3/doc/syn/dv_tutorial/risc_design/libs/core_typ.db)

Number of ports:                           33
Number of nets:                            54
Number of cells:                           22
Number of combinational cells:             22
Number of sequential cells:                 0
Number of macros/black boxes:               0
Number of buf/inv:                          1
Number of references:                       3

Combinational area:                948.079994
Buf/Inv area:                       10.840000
Noncombinational area:               0.000000
Macro/Black Box area:                0.000000
Net Interconnect area:            3436.074028

Total cell area:                   948.079994
Total area:                       4384.154022
1
