 
****************************************
Report : area
Design : tag24_mask_eq
Version: V-2023.12-SP3
Date   : Thu Apr 30 09:17:38 2026
****************************************

Library(s) Used:

    ssc_core (File: /home/foxxy/synopsys/syn/V-2023.12-SP3/doc/syn/dv_tutorial/risc_design/libs/core_typ.db)

Number of ports:                           73
Number of nets:                           162
Number of cells:                           90
Number of combinational cells:             90
Number of sequential cells:                 0
Number of macros/black boxes:               0
Number of buf/inv:                          5
Number of references:                       7

Combinational area:               2567.959993
Buf/Inv area:                       54.200001
Noncombinational area:               0.000000
Macro/Black Box area:                0.000000
Net Interconnect area:           11071.797180

Total cell area:                  2567.959993
Total area:                      13639.757174
1
