 
****************************************
Report : area
Design : tag20_4way_sel
Version: V-2023.12-SP3
Date   : Thu Apr 30 09:17:28 2026
****************************************

Library(s) Used:

    ssc_core (File: /home/foxxy/synopsys/syn/V-2023.12-SP3/doc/syn/dv_tutorial/risc_design/libs/core_typ.db)

Number of ports:                          261
Number of nets:                           591
Number of cells:                          363
Number of combinational cells:            363
Number of sequential cells:                 0
Number of macros/black boxes:               0
Number of buf/inv:                         65
Number of references:                      12

Combinational area:               9708.729975
Buf/Inv area:                      796.570007
Noncombinational area:               0.000000
Macro/Black Box area:                0.000000
Net Interconnect area:           43129.111301

Total cell area:                  9708.729975
Total area:                      52837.841276
1
