 
****************************************
Report : area
Design : tag24_4way_hit
Version: V-2023.12-SP3
Date   : Thu Apr 30 09:17:33 2026
****************************************

Library(s) Used:

    ssc_core (File: /home/foxxy/synopsys/syn/V-2023.12-SP3/doc/syn/dv_tutorial/risc_design/libs/core_typ.db)

Number of ports:                          121
Number of nets:                           283
Number of cells:                          163
Number of combinational cells:            163
Number of sequential cells:                 0
Number of macros/black boxes:               0
Number of buf/inv:                         14
Number of references:                       7

Combinational area:               6094.919956
Buf/Inv area:                      151.760002
Noncombinational area:               0.000000
Macro/Black Box area:                0.000000
Net Interconnect area:           20451.012917

Total cell area:                  6094.919956
Total area:                      26545.932873
1
