Information: Updating design information... (UID-85)
 
****************************************
Report : timing
        -path full
        -delay max
        -max_paths 1
Design : tag20_eq
Version: V-2023.12-SP3
Date   : Thu Apr 30 09:17:31 2026
****************************************

Operating Conditions: nom_pvt   Library: ssc_core
Wire Load Model Mode: enclosed

  Startpoint: req_tag[0] (input port clocked by clk)
  Endpoint: hit (output port clocked by clk)
  Path Group: clk
  Path Type: max

  Des/Clust/Port     Wire Load Model       Library
  ------------------------------------------------
  tag20_eq           5KGATES               ssc_core

  Point                                    Incr       Path
  -----------------------------------------------------------
  clock clk (rise edge)                    0.00       0.00
  clock network delay (ideal)              0.00       0.00
  input external delay                     5.00       5.00 r
  req_tag[0] (in)                          0.00       5.00 r
  U5/Y (inv1a3)                            0.10       5.10 f
  U27/Y (or2a1)                            0.53       5.63 f
  U28/Y (and2a3)                           0.24       5.86 f
  U29/Y (oa1f1)                            0.80       6.66 r
  U31/Y (or3a1)                            0.66       7.32 r
  U39/Y (or4a3)                            0.23       7.55 r
  U40/Y (or3a1)                            0.59       8.15 r
  U3/Y (inv1a3)                            0.52       8.67 f
  hit (out)                                0.00       8.67 f
  data arrival time                                   8.67

  clock clk (rise edge)                   20.00      20.00
  clock network delay (ideal)              0.00      20.00
  output external delay                   -5.00      15.00
  data required time                                 15.00
  -----------------------------------------------------------
  data required time                                 15.00
  data arrival time                                  -8.67
  -----------------------------------------------------------
  slack (MET)                                         6.33


1
