 
****************************************
Report : area
Design : tag24_eq
Version: V-2023.12-SP3
Date   : Thu Apr 30 09:17:37 2026
****************************************

Library(s) Used:

    ssc_core (File: /home/foxxy/synopsys/syn/V-2023.12-SP3/doc/syn/dv_tutorial/risc_design/libs/core_typ.db)

Number of ports:                           49
Number of nets:                            90
Number of cells:                           42
Number of combinational cells:             42
Number of sequential cells:                 0
Number of macros/black boxes:               0
Number of buf/inv:                          5
Number of references:                       7

Combinational area:               1527.799990
Buf/Inv area:                       54.200001
Noncombinational area:               0.000000
Macro/Black Box area:                0.000000
Net Interconnect area:            5879.505066

Total cell area:                  1527.799990
Total area:                       7407.305056
1
