Information: Updating design information... (UID-85)
 
****************************************
Report : timing
        -path full
        -delay max
        -max_paths 1
Design : tag24_8way_hit
Version: V-2023.12-SP3
Date   : Thu Apr 30 09:17:35 2026
****************************************

Operating Conditions: nom_pvt   Library: ssc_core
Wire Load Model Mode: enclosed

  Startpoint: req_tag[0] (input port clocked by clk)
  Endpoint: hit_any (output port clocked by clk)
  Path Group: clk
  Path Type: max

  Des/Clust/Port     Wire Load Model       Library
  ------------------------------------------------
  tag24_8way_hit     5KGATES               ssc_core

  Point                                    Incr       Path
  -----------------------------------------------------------
  clock clk (rise edge)                    0.00       0.00
  clock network delay (ideal)              0.00       0.00
  input external delay                     5.00       5.00 r
  req_tag[0] (in)                          0.00       5.00 r
  U30/Y (inv1a3)                           0.18       5.18 f
  U219/Y (or2a1)                           0.54       5.72 f
  U220/Y (and2a3)                          0.24       5.95 f
  U221/Y (oa1f1)                           0.88       6.83 r
  U227/Y (or4a3)                           0.33       7.16 r
  U236/Y (or4a3)                           0.20       7.36 r
  U27/Y (inv1a3)                           0.15       7.51 f
  U23/Y (or4a3)                            0.26       7.77 f
  U20/Y (or4a3)                            0.49       8.26 f
  hit_any (out)                            0.00       8.26 f
  data arrival time                                   8.26

  clock clk (rise edge)                   20.00      20.00
  clock network delay (ideal)              0.00      20.00
  output external delay                   -5.00      15.00
  data required time                                 15.00
  -----------------------------------------------------------
  data required time                                 15.00
  data arrival time                                  -8.26
  -----------------------------------------------------------
  slack (MET)                                         6.74


1
