 
****************************************
Report : area
Design : tag24_xor_eq
Version: V-2023.12-SP3
Date   : Sat May  2 13:23:30 2026
****************************************

Library(s) Used:

    ssc_core (File: /home/foxxy/synopsys/syn/V-2023.12-SP3/doc/syn/dv_tutorial/risc_design/libs/core_typ.db)

Number of ports:                           49
Number of nets:                            82
Number of cells:                           34
Number of combinational cells:             34
Number of sequential cells:                 0
Number of macros/black boxes:               0
Number of buf/inv:                          1
Number of references:                       4

Combinational area:               1424.839989
Buf/Inv area:                       10.840000
Noncombinational area:               0.000000
Macro/Black Box area:                0.000000
Net Interconnect area:            5217.742043

Total cell area:                  1424.839989
Total area:                       6642.582031
1
