Information: Updating design information... (UID-85)
 
****************************************
Report : timing
        -path full
        -delay max
        -max_paths 1
Design : tag20_4way_sel
Version: V-2023.12-SP3
Date   : Thu Apr 30 09:17:28 2026
****************************************

Operating Conditions: nom_pvt   Library: ssc_core
Wire Load Model Mode: enclosed

  Startpoint: req_tag[0] (input port clocked by clk)
  Endpoint: selected_data[31]
            (output port clocked by clk)
  Path Group: clk
  Path Type: max

  Des/Clust/Port     Wire Load Model       Library
  ------------------------------------------------
  tag20_4way_sel     5KGATES               ssc_core

  Point                                    Incr       Path
  -----------------------------------------------------------
  clock clk (rise edge)                    0.00       0.00
  clock network delay (ideal)              0.00       0.00
  input external delay                     5.00       5.00 r
  req_tag[0] (in)                          0.00       5.00 r
  U380/Y (inv1a3)                          0.26       5.26 f
  U460/Y (or2a1)                           0.56       5.82 f
  U461/Y (and2a3)                          0.24       6.05 f
  U462/Y (oa1f1)                           0.80       6.85 r
  U464/Y (or3a1)                           0.66       7.51 r
  U472/Y (or4a3)                           0.23       7.74 r
  U473/Y (or3a1)                           0.99       8.73 r
  U235/Y (inv1a3)                          0.36       9.09 f
  U174/Y (or2a3)                           0.26       9.36 f
  U220/Y (inv1a3)                          0.19       9.54 r
  U233/Y (and2a3)                          1.02      10.57 r
  U223/Y (buf1a3)                          0.94      11.51 r
  U349/Y (oa1f3)                           0.36      11.88 f
  U348/Y (and2a3)                          0.23      12.11 f
  U347/Y (inv1a3)                          0.35      12.45 r
  selected_data[31] (out)                  0.00      12.46 r
  data arrival time                                  12.46

  clock clk (rise edge)                   20.00      20.00
  clock network delay (ideal)              0.00      20.00
  output external delay                   -5.00      15.00
  data required time                                 15.00
  -----------------------------------------------------------
  data required time                                 15.00
  data arrival time                                 -12.46
  -----------------------------------------------------------
  slack (MET)                                         2.54


1
