 
****************************************
Report : area
Design : tag20_8way_sel
Version: V-2023.12-SP3
Date   : Thu Apr 30 09:17:30 2026
****************************************

Library(s) Used:

    ssc_core (File: /home/foxxy/synopsys/syn/V-2023.12-SP3/doc/syn/dv_tutorial/risc_design/libs/core_typ.db)

Number of ports:                          469
Number of nets:                          1099
Number of cells:                          663
Number of combinational cells:            663
Number of sequential cells:                 0
Number of macros/black boxes:               0
Number of buf/inv:                         99
Number of references:                      13

Combinational area:              19265.709883
Buf/Inv area:                     1251.690010
Noncombinational area:               0.000000
Macro/Black Box area:                0.000000
Net Interconnect area:           81511.349293

Total cell area:                 19265.709883
Total area:                     100777.059175
1
