Information: Updating design information... (UID-85)
 
****************************************
Report : timing
        -path full
        -delay max
        -max_paths 1
Design : tag20_4way_hit
Version: V-2023.12-SP3
Date   : Thu Apr 30 09:17:27 2026
****************************************

Operating Conditions: nom_pvt   Library: ssc_core
Wire Load Model Mode: enclosed

  Startpoint: req_tag[0] (input port clocked by clk)
  Endpoint: hit_any (output port clocked by clk)
  Path Group: clk
  Path Type: max

  Des/Clust/Port     Wire Load Model       Library
  ------------------------------------------------
  tag20_4way_hit     5KGATES               ssc_core

  Point                                    Incr       Path
  -----------------------------------------------------------
  clock clk (rise edge)                    0.00       0.00
  clock network delay (ideal)              0.00       0.00
  input external delay                     5.00       5.00 r
  req_tag[0] (in)                          0.00       5.00 r
  U16/Y (inv1a3)                           0.26       5.26 f
  U77/Y (or2a1)                            0.56       5.82 f
  U78/Y (and2a3)                           0.24       6.05 f
  U79/Y (oa1f1)                            0.80       6.85 r
  U81/Y (or3a1)                            0.66       7.51 r
  U89/Y (or4a3)                            0.23       7.74 r
  U90/Y (or3a1)                            0.59       8.33 r
  U14/Y (inv1a3)                           0.26       8.59 f
  U10/Y (or4a3)                            0.51       9.10 f
  hit_any (out)                            0.00       9.10 f
  data arrival time                                   9.10

  clock clk (rise edge)                   20.00      20.00
  clock network delay (ideal)              0.00      20.00
  output external delay                   -5.00      15.00
  data required time                                 15.00
  -----------------------------------------------------------
  data required time                                 15.00
  data arrival time                                  -9.10
  -----------------------------------------------------------
  slack (MET)                                         5.90


1
