 
****************************************
Report : area
Design : tag20_4way_hit
Version: V-2023.12-SP3
Date   : Thu Apr 30 09:17:27 2026
****************************************

Library(s) Used:

    ssc_core (File: /home/foxxy/synopsys/syn/V-2023.12-SP3/doc/syn/dv_tutorial/risc_design/libs/core_typ.db)

Number of ports:                          101
Number of nets:                           247
Number of cells:                          147
Number of combinational cells:            147
Number of sequential cells:                 0
Number of macros/black boxes:               0
Number of buf/inv:                         14
Number of references:                       7

Combinational area:               5141.479954
Buf/Inv area:                      151.760002
Noncombinational area:               0.000000
Macro/Black Box area:                0.000000
Net Interconnect area:           17854.866920

Total cell area:                  5141.479954
Total area:                      22996.346874
1
