 
****************************************
Report : area
Design : tag24_2way_hit
Version: V-2023.12-SP3
Date   : Thu Apr 30 09:17:32 2026
****************************************

Library(s) Used:

    ssc_core (File: /home/foxxy/synopsys/syn/V-2023.12-SP3/doc/syn/dv_tutorial/risc_design/libs/core_typ.db)

Number of ports:                           73
Number of nets:                           155
Number of cells:                           83
Number of combinational cells:             83
Number of sequential cells:                 0
Number of macros/black boxes:               0
Number of buf/inv:                          8
Number of references:                       8

Combinational area:               3061.009979
Buf/Inv area:                       86.720001
Noncombinational area:               0.000000
Macro/Black Box area:                0.000000
Net Interconnect area:           10779.095177

Total cell area:                  3061.009979
Total area:                      13840.105156
1
