Information: Updating design information... (UID-85)
 
****************************************
Report : timing
        -path full
        -delay max
        -max_paths 1
Design : tag20_mask_eq
Version: V-2023.12-SP3
Date   : Thu Apr 30 09:17:32 2026
****************************************

Operating Conditions: nom_pvt   Library: ssc_core
Wire Load Model Mode: enclosed

  Startpoint: mask[0] (input port clocked by clk)
  Endpoint: hit (output port clocked by clk)
  Path Group: clk
  Path Type: max

  Des/Clust/Port     Wire Load Model       Library
  ------------------------------------------------
  tag20_mask_eq      5KGATES               ssc_core

  Point                                    Incr       Path
  -----------------------------------------------------------
  clock clk (rise edge)                    0.00       0.00
  clock network delay (ideal)              0.00       0.00
  input external delay                     5.00       5.00 r
  mask[0] (in)                             0.00       5.00 r
  U48/Y (and2a3)                           0.19       5.19 r
  U47/Y (inv1a3)                           0.18       5.37 f
  U107/Y (or2a1)                           0.53       5.90 f
  U108/Y (and2a3)                          0.24       6.13 f
  U109/Y (oa1f1)                           0.80       6.93 r
  U111/Y (or3a1)                           0.66       7.59 r
  U119/Y (or4a3)                           0.23       7.82 r
  U120/Y (or3a1)                           0.59       8.41 r
  U43/Y (inv1a3)                           0.52       8.94 f
  hit (out)                                0.00       8.94 f
  data arrival time                                   8.94

  clock clk (rise edge)                   20.00      20.00
  clock network delay (ideal)              0.00      20.00
  output external delay                   -5.00      15.00
  data required time                                 15.00
  -----------------------------------------------------------
  data required time                                 15.00
  data arrival time                                  -8.94
  -----------------------------------------------------------
  slack (MET)                                         6.06


1
