 
****************************************
Report : area
Design : tag20_eq
Version: V-2023.12-SP3
Date   : Thu Apr 30 09:17:31 2026
****************************************

Library(s) Used:

    ssc_core (File: /home/foxxy/synopsys/syn/V-2023.12-SP3/doc/syn/dv_tutorial/risc_design/libs/core_typ.db)

Number of ports:                           41
Number of nets:                            78
Number of cells:                           38
Number of combinational cells:             38
Number of sequential cells:                 0
Number of macros/black boxes:               0
Number of buf/inv:                          5
Number of references:                       7

Combinational area:               1289.439989
Buf/Inv area:                       54.200001
Noncombinational area:               0.000000
Macro/Black Box area:                0.000000
Net Interconnect area:            5115.933060

Total cell area:                  1289.439989
Total area:                       6405.373049
1
