Information: Updating design information... (UID-85)
 
****************************************
Report : timing
        -path full
        -delay max
        -max_paths 1
Design : tag20_8way_sel
Version: V-2023.12-SP3
Date   : Thu Apr 30 09:17:30 2026
****************************************

Operating Conditions: nom_pvt   Library: ssc_core
Wire Load Model Mode: enclosed

  Startpoint: req_tag[0] (input port clocked by clk)
  Endpoint: selected_data[3]
            (output port clocked by clk)
  Path Group: clk
  Path Type: max

  Des/Clust/Port     Wire Load Model       Library
  ------------------------------------------------
  tag20_8way_sel     5KGATES               ssc_core

  Point                                    Incr       Path
  -----------------------------------------------------------
  clock clk (rise edge)                    0.00       0.00
  clock network delay (ideal)              0.00       0.00
  input external delay                     5.00       5.00 r
  req_tag[0] (in)                          0.00       5.00 r
  U582/Y (inv1a3)                          0.10       5.10 f
  U774/Y (or2a1)                           0.53       5.63 f
  U775/Y (and2a3)                          0.24       5.86 f
  U776/Y (oa1f1)                           0.80       6.66 r
  U778/Y (or3a1)                           0.66       7.32 r
  U786/Y (or4a3)                           0.23       7.55 r
  U787/Y (or3a1)                           0.99       8.54 r
  U405/Y (inv1a3)                          0.36       8.91 f
  U316/Y (or2a3)                           0.26       9.17 f
  U397/Y (or3a2)                           0.45       9.62 f
  U396/Y (or3a2)                           0.45      10.07 f
  U366/Y (inv1a3)                          0.21      10.28 r
  U399/Y (and2a3)                          1.03      11.30 r
  U369/Y (buf1a3)                          0.95      12.25 r
  U623/Y (oa1f3)                           0.38      12.63 f
  U478/Y (and4a3)                          0.20      12.82 f
  U477/Y (inv1a3)                          0.35      13.17 r
  selected_data[3] (out)                   0.00      13.17 r
  data arrival time                                  13.17

  clock clk (rise edge)                   20.00      20.00
  clock network delay (ideal)              0.00      20.00
  output external delay                   -5.00      15.00
  data required time                                 15.00
  -----------------------------------------------------------
  data required time                                 15.00
  data arrival time                                 -13.17
  -----------------------------------------------------------
  slack (MET)                                         1.83


1
