Information: Updating design information... (UID-85)
 
****************************************
Report : timing
        -path full
        -delay max
        -max_paths 1
Design : tag24_4way_hit
Version: V-2023.12-SP3
Date   : Thu Apr 30 09:17:33 2026
****************************************

Operating Conditions: nom_pvt   Library: ssc_core
Wire Load Model Mode: enclosed

  Startpoint: req_tag[0] (input port clocked by clk)
  Endpoint: hit_any (output port clocked by clk)
  Path Group: clk
  Path Type: max

  Des/Clust/Port     Wire Load Model       Library
  ------------------------------------------------
  tag24_4way_hit     5KGATES               ssc_core

  Point                                    Incr       Path
  -----------------------------------------------------------
  clock clk (rise edge)                    0.00       0.00
  clock network delay (ideal)              0.00       0.00
  input external delay                     5.00       5.00 r
  req_tag[0] (in)                          0.00       5.00 r
  U16/Y (inv1a3)                           0.26       5.26 f
  U44/Y (or2a1)                            0.56       5.82 f
  U45/Y (and2a3)                           0.24       6.05 f
  U46/Y (oa1f1)                            0.88       6.93 r
  U52/Y (or4a3)                            0.33       7.25 r
  U61/Y (or4a3)                            0.20       7.45 r
  U14/Y (inv1a3)                           0.15       7.60 f
  U10/Y (or4a3)                            0.49       8.09 f
  hit_any (out)                            0.00       8.10 f
  data arrival time                                   8.10

  clock clk (rise edge)                   20.00      20.00
  clock network delay (ideal)              0.00      20.00
  output external delay                   -5.00      15.00
  data required time                                 15.00
  -----------------------------------------------------------
  data required time                                 15.00
  data arrival time                                  -8.10
  -----------------------------------------------------------
  slack (MET)                                         6.90


1
