 
****************************************
Report : area
Design : tag32_2way_hit
Version: V-2023.12-SP3
Date   : Thu Apr 30 09:17:39 2026
****************************************

Library(s) Used:

    ssc_core (File: /home/foxxy/synopsys/syn/V-2023.12-SP3/doc/syn/dv_tutorial/risc_design/libs/core_typ.db)

Number of ports:                          239
Number of nets:                           333
Number of cells:                          109
Number of combinational cells:            105
Number of sequential cells:                 0
Number of macros/black boxes:               0
Number of buf/inv:                         10
Number of references:                       3

Combinational area:               4057.829979
Buf/Inv area:                      108.400002
Noncombinational area:               0.000000
Macro/Black Box area:                0.000000
Net Interconnect area:           13909.741230

Total cell area:                  4057.829979
Total area:                      17967.571209
1
