Information: Updating design information... (UID-85)
 
****************************************
Report : timing
        -path full
        -delay max
        -max_paths 1
Design : tag32_4way_sel
Version: V-2023.12-SP3
Date   : Thu Apr 30 09:17:41 2026
****************************************

Operating Conditions: nom_pvt   Library: ssc_core
Wire Load Model Mode: enclosed

  Startpoint: req_tag[0] (input port clocked by clk)
  Endpoint: selected_data[1]
            (output port clocked by clk)
  Path Group: clk
  Path Type: max

  Des/Clust/Port     Wire Load Model       Library
  ------------------------------------------------
  tag32_4way_sel     5KGATES               ssc_core
  tag32_4way_sel_DW01_cmp6_3
                     5KGATES               ssc_core

  Point                                                   Incr       Path
  --------------------------------------------------------------------------
  clock clk (rise edge)                                   0.00       0.00
  clock network delay (ideal)                             0.00       0.00
  input external delay                                    5.00       5.00 r
  req_tag[0] (in)                                         0.00       5.00 r
  eq_371/B[0] (tag32_4way_sel_DW01_cmp6_3)                0.00       5.00 r
  eq_371/U3/Y (inv1a3)                                    0.10       5.10 f
  eq_371/U47/Y (or2a1)                                    0.53       5.63 f
  eq_371/U46/Y (and2a3)                                   0.24       5.86 f
  eq_371/U45/Y (oa1f1)                                    0.88       6.74 r
  eq_371/U44/Y (or4a3)                                    0.33       7.07 r
  eq_371/U6/Y (or4a3)                                     0.19       7.27 r
  eq_371/U1/Y (inv1a3)                                    0.20       7.46 f
  eq_371/EQ (tag32_4way_sel_DW01_cmp6_3)                  0.00       7.46 f
  U174/Y (or2a3)                                          0.25       7.71 f
  U220/Y (inv1a3)                                         0.19       7.90 r
  U231/Y (and3a3)                                         1.04       8.94 r
  U221/Y (buf1a3)                                         0.94       9.88 r
  U239/Y (oa1f3)                                          0.37      10.25 f
  U237/Y (and2a3)                                         0.25      10.50 f
  U236/Y (inv1a3)                                         0.35      10.85 r
  selected_data[1] (out)                                  0.00      10.85 r
  data arrival time                                                 10.85

  clock clk (rise edge)                                  20.00      20.00
  clock network delay (ideal)                             0.00      20.00
  output external delay                                  -5.00      15.00
  data required time                                                15.00
  --------------------------------------------------------------------------
  data required time                                                15.00
  data arrival time                                                -10.85
  --------------------------------------------------------------------------
  slack (MET)                                                        4.15


1
