 
****************************************
Report : area
Design : tag32_2way_sel
Version: V-2023.12-SP3
Date   : Mon May  4 03:00:08 2026
****************************************

Library(s) Used:

    ssc_core (File: /home/foxxy/synopsys/syn/V-2023.12-SP3/doc/syn/dv_tutorial/risc_design/libs/core_typ.db)

Number of ports:                          431
Number of nets:                           616
Number of cells:                          264
Number of combinational cells:            260
Number of sequential cells:                 0
Number of macros/black boxes:               0
Number of buf/inv:                         37
Number of references:                       7

Combinational area:               8224.420006
Buf/Inv area:                      460.590004
Noncombinational area:               0.000000
Macro/Black Box area:                0.000000
Net Interconnect area:           35175.233177

Total cell area:                  8224.420006
Total area:                      43399.653183
1
