Information: Updating design information... (UID-85)
 
****************************************
Report : timing
        -path full
        -delay max
        -max_paths 1
Design : tag32_2way_hit
Version: V-2023.12-SP3
Date   : Thu Apr 30 09:17:39 2026
****************************************

Operating Conditions: nom_pvt   Library: ssc_core
Wire Load Model Mode: enclosed

  Startpoint: req_tag[0] (input port clocked by clk)
  Endpoint: hit_any (output port clocked by clk)
  Path Group: clk
  Path Type: max

  Des/Clust/Port     Wire Load Model       Library
  ------------------------------------------------
  tag32_2way_hit     5KGATES               ssc_core
  tag32_2way_hit_DW01_cmp6_0
                     5KGATES               ssc_core

  Point                                                   Incr       Path
  --------------------------------------------------------------------------
  clock clk (rise edge)                                   0.00       0.00
  clock network delay (ideal)                             0.00       0.00
  input external delay                                    5.00       5.00 r
  req_tag[0] (in)                                         0.00       5.00 r
  eq_174/B[0] (tag32_2way_hit_DW01_cmp6_0)                0.00       5.00 r
  eq_174/U3/Y (inv1a3)                                    0.10       5.10 f
  eq_174/U47/Y (or2a1)                                    0.53       5.63 f
  eq_174/U46/Y (and2a3)                                   0.24       5.86 f
  eq_174/U45/Y (oa1f1)                                    0.88       6.74 r
  eq_174/U44/Y (or4a3)                                    0.33       7.07 r
  eq_174/U6/Y (or4a3)                                     0.19       7.27 r
  eq_174/U1/Y (inv1a3)                                    0.15       7.42 f
  eq_174/EQ (tag32_2way_hit_DW01_cmp6_0)                  0.00       7.42 f
  U3/Y (or2a3)                                            0.36       7.78 f
  hit_any (out)                                           0.00       7.79 f
  data arrival time                                                  7.79

  clock clk (rise edge)                                  20.00      20.00
  clock network delay (ideal)                             0.00      20.00
  output external delay                                  -5.00      15.00
  data required time                                                15.00
  --------------------------------------------------------------------------
  data required time                                                15.00
  data arrival time                                                 -7.79
  --------------------------------------------------------------------------
  slack (MET)                                                        7.21


1
