 
****************************************
Report : area
Design : tag32_mask_eq
Version: V-2023.12-SP3
Date   : Thu Apr 30 09:17:45 2026
****************************************

Library(s) Used:

    ssc_core (File: /home/foxxy/synopsys/syn/V-2023.12-SP3/doc/syn/dv_tutorial/risc_design/libs/core_typ.db)

Number of ports:                          168
Number of nets:                           278
Number of cells:                          118
Number of combinational cells:            116
Number of sequential cells:                 0
Number of macros/black boxes:               0
Number of buf/inv:                          5
Number of references:                       2

Combinational area:               3402.249994
Buf/Inv area:                       54.200001
Noncombinational area:               0.000000
Macro/Black Box area:                0.000000
Net Interconnect area:           14456.967232

Total cell area:                  3402.249994
Total area:                      17859.217226
1
