Information: Updating design information... (UID-85)
 
****************************************
Report : timing
        -path full
        -delay max
        -max_paths 1
Design : tag32_eq
Version: V-2023.12-SP3
Date   : Thu Apr 30 09:17:44 2026
****************************************

Operating Conditions: nom_pvt   Library: ssc_core
Wire Load Model Mode: enclosed

  Startpoint: req_tag[0] (input port clocked by clk)
  Endpoint: hit (output port clocked by clk)
  Path Group: clk
  Path Type: max

  Des/Clust/Port     Wire Load Model       Library
  ------------------------------------------------
  tag32_eq           5KGATES               ssc_core
  tag32_eq_DW01_cmp6_0
                     5KGATES               ssc_core

  Point                                    Incr       Path
  -----------------------------------------------------------
  clock clk (rise edge)                    0.00       0.00
  clock network delay (ideal)              0.00       0.00
  input external delay                     5.00       5.00 r
  req_tag[0] (in)                          0.00       5.00 r
  eq_47/B[0] (tag32_eq_DW01_cmp6_0)        0.00       5.00 r
  eq_47/U3/Y (inv1a3)                      0.10       5.10 f
  eq_47/U47/Y (or2a1)                      0.53       5.63 f
  eq_47/U46/Y (and2a3)                     0.24       5.86 f
  eq_47/U45/Y (oa1f1)                      0.88       6.74 r
  eq_47/U44/Y (or4a3)                      0.33       7.07 r
  eq_47/U6/Y (or4a3)                       0.19       7.27 r
  eq_47/U1/Y (inv1a3)                      0.33       7.60 f
  eq_47/EQ (tag32_eq_DW01_cmp6_0)          0.00       7.60 f
  hit (out)                                0.00       7.60 f
  data arrival time                                   7.60

  clock clk (rise edge)                   20.00      20.00
  clock network delay (ideal)              0.00      20.00
  output external delay                   -5.00      15.00
  data required time                                 15.00
  -----------------------------------------------------------
  data required time                                 15.00
  data arrival time                                  -7.60
  -----------------------------------------------------------
  slack (MET)                                         7.40


1
