Information: Updating design information... (UID-85)
 
****************************************
Report : timing
        -path full
        -delay max
        -max_paths 1
Design : tag48_2way_hit
Version: V-2023.12-SP3
Date   : Thu Apr 30 09:17:46 2026
****************************************

Operating Conditions: nom_pvt   Library: ssc_core
Wire Load Model Mode: enclosed

  Startpoint: req_tag[0] (input port clocked by clk)
  Endpoint: hit_any (output port clocked by clk)
  Path Group: clk
  Path Type: max

  Des/Clust/Port     Wire Load Model       Library
  ------------------------------------------------
  tag48_2way_hit     5KGATES               ssc_core
  tag48_2way_hit_DW01_cmp6_0
                     5KGATES               ssc_core

  Point                                                   Incr       Path
  --------------------------------------------------------------------------
  clock clk (rise edge)                                   0.00       0.00
  clock network delay (ideal)                             0.00       0.00
  input external delay                                    5.00       5.00 r
  req_tag[0] (in)                                         0.00       5.00 r
  eq_48/B[0] (tag48_2way_hit_DW01_cmp6_0)                 0.00       5.00 r
  eq_48/U3/Y (inv1a3)                                     0.10       5.10 f
  eq_48/U73/Y (or2a1)                                     0.53       5.63 f
  eq_48/U72/Y (and2a3)                                    0.24       5.86 f
  eq_48/U71/Y (oa1f1)                                     0.88       6.74 r
  eq_48/U65/Y (or4a3)                                     0.33       7.07 r
  eq_48/U6/Y (or4a3)                                      0.19       7.26 r
  eq_48/U1/Y (inv1a3)                                     0.15       7.41 f
  eq_48/EQ (tag48_2way_hit_DW01_cmp6_0)                   0.00       7.41 f
  U3/Y (or2a3)                                            0.36       7.78 f
  hit_any (out)                                           0.00       7.78 f
  data arrival time                                                  7.78

  clock clk (rise edge)                                  20.00      20.00
  clock network delay (ideal)                             0.00      20.00
  output external delay                                  -5.00      15.00
  data required time                                                15.00
  --------------------------------------------------------------------------
  data required time                                                15.00
  data arrival time                                                 -7.78
  --------------------------------------------------------------------------
  slack (MET)                                                        7.22


1
