Information: Updating design information... (UID-85)
 
****************************************
Report : timing
        -path full
        -delay max
        -max_paths 1
Design : tag48_8way_sel
Version: V-2023.12-SP3
Date   : Thu Apr 30 09:17:51 2026
****************************************

Operating Conditions: nom_pvt   Library: ssc_core
Wire Load Model Mode: enclosed

  Startpoint: req_tag[0] (input port clocked by clk)
  Endpoint: selected_data[1]
            (output port clocked by clk)
  Path Group: clk
  Path Type: max

  Des/Clust/Port     Wire Load Model       Library
  ------------------------------------------------
  tag48_8way_sel     5KGATES               ssc_core
  tag48_8way_sel_DW01_cmp6_7
                     5KGATES               ssc_core

  Point                                                   Incr       Path
  --------------------------------------------------------------------------
  clock clk (rise edge)                                   0.00       0.00
  clock network delay (ideal)                             0.00       0.00
  input external delay                                    5.00       5.00 r
  req_tag[0] (in)                                         0.00       5.00 r
  eq_172/B[0] (tag48_8way_sel_DW01_cmp6_7)                0.00       5.00 r
  eq_172/U3/Y (inv1a3)                                    0.10       5.10 f
  eq_172/U73/Y (or2a1)                                    0.53       5.63 f
  eq_172/U72/Y (and2a3)                                   0.24       5.86 f
  eq_172/U71/Y (oa1f1)                                    0.88       6.74 r
  eq_172/U65/Y (or4a3)                                    0.33       7.06 r
  eq_172/U6/Y (or4a3)                                     0.19       7.26 r
  eq_172/U1/Y (inv1a3)                                    0.19       7.45 f
  eq_172/EQ (tag48_8way_sel_DW01_cmp6_7)                  0.00       7.45 f
  U316/Y (or2a3)                                          0.25       7.70 f
  U396/Y (or3a2)                                          0.45       8.15 f
  U395/Y (or3a2)                                          0.45       8.60 f
  U366/Y (inv1a3)                                         0.21       8.81 r
  U397/Y (and3a3)                                         1.04       9.85 r
  U367/Y (buf1a3)                                         0.94      10.80 r
  U408/Y (oa1f3)                                          0.38      11.18 f
  U465/Y (and4a3)                                         0.21      11.39 f
  U464/Y (inv1a3)                                         0.35      11.74 r
  selected_data[1] (out)                                  0.00      11.74 r
  data arrival time                                                 11.74

  clock clk (rise edge)                                  20.00      20.00
  clock network delay (ideal)                             0.00      20.00
  output external delay                                  -5.00      15.00
  data required time                                                15.00
  --------------------------------------------------------------------------
  data required time                                                15.00
  data arrival time                                                -11.74
  --------------------------------------------------------------------------
  slack (MET)                                                        3.26


1
