Information: Updating design information... (UID-85)
 
****************************************
Report : timing
        -path full
        -delay max
        -max_paths 1
Design : tag48_8way_hit
Version: V-2023.12-SP3
Date   : Thu Apr 30 09:17:50 2026
****************************************

Operating Conditions: nom_pvt   Library: ssc_core
Wire Load Model Mode: enclosed

  Startpoint: req_tag[0] (input port clocked by clk)
  Endpoint: hit_any (output port clocked by clk)
  Path Group: clk
  Path Type: max

  Des/Clust/Port     Wire Load Model       Library
  ------------------------------------------------
  tag48_8way_hit     5KGATES               ssc_core
  tag48_8way_hit_DW01_cmp6_3
                     5KGATES               ssc_core

  Point                                                   Incr       Path
  --------------------------------------------------------------------------
  clock clk (rise edge)                                   0.00       0.00
  clock network delay (ideal)                             0.00       0.00
  input external delay                                    5.00       5.00 r
  req_tag[0] (in)                                         0.00       5.00 r
  eq_77/B[0] (tag48_8way_hit_DW01_cmp6_3)                 0.00       5.00 r
  eq_77/U3/Y (inv1a3)                                     0.10       5.10 f
  eq_77/U73/Y (or2a1)                                     0.53       5.63 f
  eq_77/U72/Y (and2a3)                                    0.24       5.86 f
  eq_77/U71/Y (oa1f1)                                     0.88       6.74 r
  eq_77/U65/Y (or4a3)                                     0.33       7.06 r
  eq_77/U6/Y (or4a3)                                      0.19       7.26 r
  eq_77/U1/Y (inv1a3)                                     0.15       7.41 f
  eq_77/EQ (tag48_8way_hit_DW01_cmp6_3)                   0.00       7.41 f
  U21/Y (or4a3)                                           0.26       7.67 f
  U20/Y (or4a3)                                           0.49       8.16 f
  hit_any (out)                                           0.00       8.17 f
  data arrival time                                                  8.17

  clock clk (rise edge)                                  20.00      20.00
  clock network delay (ideal)                             0.00      20.00
  output external delay                                  -5.00      15.00
  data required time                                                15.00
  --------------------------------------------------------------------------
  data required time                                                15.00
  data arrival time                                                 -8.17
  --------------------------------------------------------------------------
  slack (MET)                                                        6.83


1
