Information: Updating design information... (UID-85)
 
****************************************
Report : timing
        -path full
        -delay max
        -max_paths 1
Design : tag8_2way_sel
Version: V-2023.12-SP3
Date   : Mon May  4 03:00:07 2026
****************************************

Operating Conditions: nom_pvt   Library: ssc_core
Wire Load Model Mode: enclosed

  Startpoint: req_tag[5] (input port clocked by clk)
  Endpoint: data_out[0]
            (output port clocked by clk)
  Path Group: clk
  Path Type: max

  Des/Clust/Port     Wire Load Model       Library
  ------------------------------------------------
  tag8_2way_sel      5KGATES               ssc_core

  Point                                    Incr       Path
  -----------------------------------------------------------
  clock clk (rise edge)                    0.00       0.00
  clock network delay (ideal)              0.00       0.00
  input external delay                     5.00       5.00 f
  req_tag[5] (in)                          0.00       5.00 f
  U233/Y (xor2a1)                          0.57       5.57 r
  U232/Y (or2a1)                           0.61       6.18 r
  U226/Y (or4a3)                           0.42       6.60 r
  U212/Y (buf1a3)                          0.35       6.96 r
  U200/Y (buf1a3)                          0.39       7.35 r
  U198/Y (mx2a3)                           0.61       7.96 f
  data_out[0] (out)                        0.00       7.96 f
  data arrival time                                   7.96

  clock clk (rise edge)                   20.00      20.00
  clock network delay (ideal)              0.00      20.00
  output external delay                   -5.00      15.00
  data required time                                 15.00
  -----------------------------------------------------------
  data required time                                 15.00
  data arrival time                                  -7.96
  -----------------------------------------------------------
  slack (MET)                                         7.04


1
